#
# A fatal error has been detected by the Java Runtime Environment:
#
#  SIGSEGV (0xb) at pc=0x00007fe6f673f2ba, pid=28891, tid=28928
#
# JRE version: OpenJDK Runtime Environment (10.0.2+13) (build 10.0.2+13-Ubuntu-1ubuntu0.18.04.4)
# Java VM: OpenJDK 64-Bit Server VM (10.0.2+13-Ubuntu-1ubuntu0.18.04.4, mixed mode, tiered, compressed oops, g1 gc, linux-amd64)
# Problematic frame:
# V  [libjvm.so+0x6e32ba]
#
# Core dump will be written. Default location: Core dumps may be processed with "/usr/share/apport/apport %p %s %c %d %P" (or dumping to /home/hildemir/IdeaProjects/PacMath/core.28891)
#
# If you would like to submit a bug report, please visit:
#   http://bugreport.java.com/bugreport/crash.jsp
#

---------------  S U M M A R Y ------------

Command Line: --module-path=/home/hildemir/javafx-sdk-11.0.2/lib --add-modules=javafx.controls,javafx.fxml,javafx.media -javaagent:/home/hildemir/Downloads/idea-IC-191.6183.87/lib/idea_rt.jar=33171:/home/hildemir/Downloads/idea-IC-191.6183.87/bin -Dfile.encoding=UTF-8 game.Main

Host: Intel(R) Core(TM) i7-6500U CPU @ 2.50GHz, 4 cores, 7G, Linux Mint 19 Tara
Time: Mon Jun 10 04:39:36 2019 -03 elapsed time: 1 seconds (0d 0h 0m 1s)

---------------  T H R E A D  ---------------

Current thread (0x00007fe6f016f800):  JavaThread "C2 CompilerThread0" daemon [_thread_in_native, id=28928, stack(0x00007fe6aae18000,0x00007fe6aaf19000)]


Current CompileTask:
C2:   1124  846       4       java.lang.StringBuilder::append (8 bytes)

Stack: [0x00007fe6aae18000,0x00007fe6aaf19000],  sp=0x00007fe6aaf153d0,  free space=1012k
Native frames: (J=compiled Java code, A=aot compiled Java code, j=interpreted, Vv=VM code, C=native code)
V  [libjvm.so+0x6e32ba]
V  [libjvm.so+0xb792c4]
V  [libjvm.so+0xb6a638]
V  [libjvm.so+0xb6a803]
V  [libjvm.so+0xb6de83]
V  [libjvm.so+0x51a168]
V  [libjvm.so+0x6e32c0]
V  [libjvm.so+0xb792c4]
V  [libjvm.so+0xb6a638]
V  [libjvm.so+0xb6a803]
V  [libjvm.so+0xb6de83]
V  [libjvm.so+0x51a168]
V  [libjvm.so+0x6e32c0]
V  [libjvm.so+0xb792c4]
V  [libjvm.so+0xb6a638]
V  [libjvm.so+0xb6a803]
V  [libjvm.so+0xb6de83]
V  [libjvm.so+0x51a168]
V  [libjvm.so+0x6e32c0]
V  [libjvm.so+0xb792c4]
V  [libjvm.so+0xb6a638]
V  [libjvm.so+0xb6a803]
V  [libjvm.so+0xb6de83]
V  [libjvm.so+0x51a168]
V  [libjvm.so+0x6017b8]
V  [libjvm.so+0x519801]
V  [libjvm.so+0x609803]
V  [libjvm.so+0x60ad28]
V  [libjvm.so+0xcc5673]
V  [libjvm.so+0xb33d40]
C  [libpthread.so.0+0x76db]  start_thread+0xdb


siginfo: si_signo: 11 (SIGSEGV), si_code: 2 (SEGV_ACCERR), si_addr: 0x00007fe6f70069e8

Register to memory mapping:

RAX=0x00007fe6f7006960: <offset 0x0000000000faa960> in /usr/lib/jvm/java-11-openjdk-amd64/lib/server/libjvm.so at 0x00007fe6f605c000
RBX=0x00007fe6905f8180 is an unknown value
RCX=0x00007fe6841f4680 is an unknown value
RDX=0x00007fe6841f4648 is an unknown value
RSP=0x00007fe6aaf153d0 is pointing into the stack for thread: 0x00007fe6f016f800
RBP=0x00007fe6aaf154b0 is pointing into the stack for thread: 0x00007fe6f016f800
RSI=0x00007fe684af19c0 is an unknown value
RDI=0x00007fe6905f8180 is an unknown value
R8 =0x0000000000000006 is an unknown value
R9 =
[error occurred during error reporting (printing register info), id 0xb]

Registers:
RAX=0x00007fe6f7006960, RBX=0x00007fe6905f8180, RCX=0x00007fe6841f4680, RDX=0x00007fe6841f4648
RSP=0x00007fe6aaf153d0, RBP=0x00007fe6aaf154b0, RSI=0x00007fe684af19c0, RDI=0x00007fe6905f8180
R8 =0x0000000000000006, R9 =0x00000000f0171000, R10=0x0000000000000005, R11=0x00007fe6f7b2d440
R12=0x0000000000000000, R13=0x00007fe684af19c0, R14=0x00007fe69014fc50, R15=0x00007fe6aaf15630
RIP=0x00007fe6f673f2ba, EFLAGS=0x0000000000010246, CSGSFS=0x002b000000000033, ERR=0x0000000000000004
  TRAPNO=0x000000000000000e

Top of Stack: (sp=0x00007fe6aaf153d0)
0x00007fe6aaf153d0:   00007fe6f8186820 00007fe68421a690
0x00007fe6aaf153e0:   00007fe6aaf15440 00007fe6f6af2bb3
0x00007fe6aaf153f0:   0000000000000000 00007fe6f7335b38
0x00007fe6aaf15400:   00007fe684987c40 00007fe6f72bcfd0 

Instructions: (pc=0x00007fe6f673f2ba)
0x00007fe6f673f29a:   31 e4 80 7d 80 00 0f 85 1a 02 00 00 4c 89 e6 4c
0x00007fe6f673f2aa:   89 ff e8 4f a5 49 00 48 8b 03 4c 89 ee 48 89 df
0x00007fe6f673f2ba:   ff 90 88 00 00 00 48 85 c0 49 89 c6 0f 84 54 02
0x00007fe6f673f2ca:   00 00 48 8b 03 48 89 df ff 10 84 c0 74 29 4d 8b 


---------------  P R O C E S S  ---------------

Threads class SMR info:
_java_thread_list=0x00007fe6f04b4570, length=15, elements={
0x00007fe6f0012800, 0x00007fe6f015a000, 0x00007fe6f015c000, 0x00007fe6f0165000,
0x00007fe6f016f800, 0x00007fe6f0171800, 0x00007fe6f0173800, 0x00007fe6f0175800,
0x00007fe6f022f000, 0x00007fe6f0315000, 0x00007fe6f0318000, 0x00007fe6f0393800,
0x00007fe6f04dc800, 0x00007fe68c001000, 0x00007fe6f05ce800
}

Java Threads: ( => current thread )
  0x00007fe6f0012800 JavaThread "main" [_thread_blocked, id=28892, stack(0x00007fe6f8085000,0x00007fe6f8186000)]
  0x00007fe6f015a000 JavaThread "Reference Handler" daemon [_thread_blocked, id=28920, stack(0x00007fe6ab3f9000,0x00007fe6ab4fa000)]
  0x00007fe6f015c000 JavaThread "Finalizer" daemon [_thread_blocked, id=28922, stack(0x00007fe6ab2f8000,0x00007fe6ab3f9000)]
  0x00007fe6f0165000 JavaThread "Signal Dispatcher" daemon [_thread_blocked, id=28927, stack(0x00007fe6aaf19000,0x00007fe6ab01a000)]
=>0x00007fe6f016f800 JavaThread "C2 CompilerThread0" daemon [_thread_in_native, id=28928, stack(0x00007fe6aae18000,0x00007fe6aaf19000)]
  0x00007fe6f0171800 JavaThread "C2 CompilerThread1" daemon [_thread_in_native, id=28929, stack(0x00007fe6aad17000,0x00007fe6aae18000)]
  0x00007fe6f0173800 JavaThread "C1 CompilerThread2" daemon [_thread_blocked, id=28930, stack(0x00007fe6aac16000,0x00007fe6aad17000)]
  0x00007fe6f0175800 JavaThread "Sweeper thread" daemon [_thread_blocked, id=28931, stack(0x00007fe6aab15000,0x00007fe6aac16000)]
  0x00007fe6f022f000 JavaThread "Common-Cleaner" daemon [_thread_blocked, id=28935, stack(0x00007fe6aa5ea000,0x00007fe6aa6eb000)]
  0x00007fe6f0315000 JavaThread "Monitor Ctrl-Break" daemon [_thread_in_native, id=28936, stack(0x00007fe6aa4e9000,0x00007fe6aa5ea000)]
  0x00007fe6f0318000 JavaThread "Service Thread" daemon [_thread_blocked, id=28937, stack(0x00007fe6aa3e8000,0x00007fe6aa4e9000)]
  0x00007fe6f0393800 JavaThread "QuantumRenderer-0" daemon [_thread_blocked, id=28939, stack(0x00007fe6a9fe3000,0x00007fe6aa0e4000)]
  0x00007fe6f04dc800 JavaThread "InvokeLaterDispatcher" daemon [_thread_blocked, id=28942, stack(0x00007fe66043a000,0x00007fe66053b000)]
  0x00007fe68c001000 JavaThread "Attach Listener" daemon [_thread_blocked, id=28943, stack(0x00007fe660339000,0x00007fe66043a000)]
  0x00007fe6f05ce800 JavaThread "JavaFX Application Thread" [_thread_in_Java, id=28944, stack(0x00007fe660238000,0x00007fe660339000)]

Other Threads:
  0x00007fe6f0150000 VMThread "VM Thread" [stack: 0x00007fe6ab4fc000,0x00007fe6ab5fc000] [id=28919]
  0x00007fe6f031a000 WatcherThread [stack: 0x00007fe6aa2e8000,0x00007fe6aa3e8000] [id=28938]
  0x00007fe6f0029000 GCTaskThread "GC Thread#0" [stack: 0x00007fe6d7a25000,0x00007fe6d7b25000] [id=28898]
  0x00007fe6f002a800 GCTaskThread "GC Thread#1" [stack: 0x00007fe6d7923000,0x00007fe6d7a23000] [id=28899]
  0x00007fe6f002c800 GCTaskThread "GC Thread#2" [stack: 0x00007fe6d7821000,0x00007fe6d7921000] [id=28900]
  0x00007fe6f002e000 GCTaskThread "GC Thread#3" [stack: 0x00007fe6d771f000,0x00007fe6d781f000] [id=28901]
  0x00007fe6f0057800 ConcurrentGCThread "G1 Main Marker" [stack: 0x00007fe6d47d1000,0x00007fe6d48d1000] [id=28904]
  0x00007fe6f0059000 ConcurrentGCThread "G1 Conc#0" [stack: 0x00007fe6d46cf000,0x00007fe6d47cf000] [id=28906]
  0x00007fe6f00c1000 ConcurrentGCThread "G1 Refine#0" [stack: 0x00007fe6d41c9000,0x00007fe6d42c9000] [id=28911]
  0x00007fe6f00c3000 ConcurrentGCThread "G1 Refine#1" [stack: 0x00007fe6d40c7000,0x00007fe6d41c7000] [id=28912]
  0x00007fe6f00c4800 ConcurrentGCThread "G1 Refine#2" [stack: 0x00007fe6c4040000,0x00007fe6c4140000] [id=28913]
  0x00007fe6f00c6800 ConcurrentGCThread "G1 Refine#3" [stack: 0x00007fe6abf00000,0x00007fe6ac000000] [id=28914]
  0x00007fe6f00c8000 ConcurrentGCThread "G1 Young RemSet Sampling" [stack: 0x00007fe6abdfe000,0x00007fe6abefe000] [id=28915]

Threads with active compile tasks:
C2 CompilerThread0 846       4       java.lang.StringBuilder::append (8 bytes)
C2 CompilerThread1 315       4       java.util.stream.ReferencePipeline$3$1::accept (23 bytes)

VM state:not at safepoint (normal execution)

VM Mutex/Monitor currently owned by a thread: None

Heap address: 0x0000000085000000, size: 1968 MB, Compressed Oops mode: 32-bit
Narrow klass base: 0x0000000000000000, Narrow klass shift: 3
Compressed class space size: 1073741824 Address: 0x0000000100000000

Heap:
 garbage-first heap   total 126976K, used 7386K [0x0000000085000000, 0x0000000100000000)
  region size 1024K, 8 young (8192K), 2 survivors (2048K)
 Metaspace       used 10084K, capacity 10377K, committed 10624K, reserved 1058816K
  class space    used 956K, capacity 1066K, committed 1152K, reserved 1048576K
Heap Regions: E=young(eden), S=young(survivor), O=old, HS=humongous(starts), HC=humongous(continues), CS=collection set, F=free, A=archive, TS=gc time stamp, AC=allocation context, TAMS=top-at-mark-start (previous, next)
|   0|0x0000000085000000, 0x0000000085036800, 0x0000000085100000| 21%| O|  |TS  1|AC  0|TAMS 0x0000000085000000, 0x0000000085000000|
|   1|0x0000000085100000, 0x0000000085100000, 0x0000000085200000|  0%| F|  |TS  0|AC  0|TAMS 0x0000000085100000, 0x0000000085100000|
|   2|0x0000000085200000, 0x0000000085200000, 0x0000000085300000|  0%| F|  |TS  0|AC  0|TAMS 0x0000000085200000, 0x0000000085200000|
|   3|0x0000000085300000, 0x0000000085300000, 0x0000000085400000|  0%| F|  |TS  0|AC  0|TAMS 0x0000000085300000, 0x0000000085300000|
|   4|0x0000000085400000, 0x0000000085400000, 0x0000000085500000|  0%| F|  |TS  0|AC  0|TAMS 0x0000000085400000, 0x0000000085400000|
|   5|0x0000000085500000, 0x0000000085500000, 0x0000000085600000|  0%| F|  |TS  0|AC  0|TAMS 0x0000000085500000, 0x0000000085500000|
|   6|0x0000000085600000, 0x0000000085600000, 0x0000000085700000|  0%| F|  |TS  0|AC  0|TAMS 0x0000000085600000, 0x0000000085600000|
|   7|0x0000000085700000, 0x0000000085700000, 0x0000000085800000|  0%| F|  |TS  0|AC  0|TAMS 0x0000000085700000, 0x0000000085700000|
|   8|0x0000000085800000, 0x0000000085800000, 0x0000000085900000|  0%| F|  |TS  0|AC  0|TAMS 0x0000000085800000, 0x0000000085800000|
|   9|0x0000000085900000, 0x0000000085900000, 0x0000000085a00000|  0%| F|  |TS  0|AC  0|TAMS 0x0000000085900000, 0x0000000085900000|
|  10|0x0000000085a00000, 0x0000000085a00000, 0x0000000085b00000|  0%| F|  |TS  0|AC  0|TAMS 0x0000000085a00000, 0x0000000085a00000|
|  11|0x0000000085b00000, 0x0000000085b00000, 0x0000000085c00000|  0%| F|  |TS  0|AC  0|TAMS 0x0000000085b00000, 0x0000000085b00000|
|  12|0x0000000085c00000, 0x0000000085c00000, 0x0000000085d00000|  0%| F|  |TS  0|AC  0|TAMS 0x0000000085c00000, 0x0000000085c00000|
|  13|0x0000000085d00000, 0x0000000085d00000, 0x0000000085e00000|  0%| F|  |TS  0|AC  0|TAMS 0x0000000085d00000, 0x0000000085d00000|
|  14|0x0000000085e00000, 0x0000000085e00000, 0x0000000085f00000|  0%| F|  |TS  0|AC  0|TAMS 0x0000000085e00000, 0x0000000085e00000|
|  15|0x0000000085f00000, 0x0000000085f00000, 0x0000000086000000|  0%| F|  |TS  0|AC  0|TAMS 0x0000000085f00000, 0x0000000085f00000|
|  16|0x0000000086000000, 0x0000000086000000, 0x0000000086100000|  0%| F|  |TS  0|AC  0|TAMS 0x0000000086000000, 0x0000000086000000|
|  17|0x0000000086100000, 0x0000000086100000, 0x0000000086200000|  0%| F|  |TS  0|AC  0|TAMS 0x0000000086100000, 0x0000000086100000|
|  18|0x0000000086200000, 0x0000000086200000, 0x0000000086300000|  0%| F|  |TS  0|AC  0|TAMS 0x0000000086200000, 0x0000000086200000|
|  19|0x0000000086300000, 0x0000000086300000, 0x0000000086400000|  0%| F|  |TS  0|AC  0|TAMS 0x0000000086300000, 0x0000000086300000|
|  20|0x0000000086400000, 0x0000000086400000, 0x0000000086500000|  0%| F|  |TS  0|AC  0|TAMS 0x0000000086400000, 0x0000000086400000|
|  21|0x0000000086500000, 0x0000000086500000, 0x0000000086600000|  0%| F|  |TS  0|AC  0|TAMS 0x0000000086500000, 0x0000000086500000|
|  22|0x0000000086600000, 0x0000000086600000, 0x0000000086700000|  0%| F|  |TS  0|AC  0|TAMS 0x0000000086600000, 0x0000000086600000|
|  23|0x0000000086700000, 0x0000000086700000, 0x0000000086800000|  0%| F|  |TS  0|AC  0|TAMS 0x0000000086700000, 0x0000000086700000|
|  24|0x0000000086800000, 0x0000000086800000, 0x0000000086900000|  0%| F|  |TS  0|AC  0|TAMS 0x0000000086800000, 0x0000000086800000|
|  25|0x0000000086900000, 0x0000000086900000, 0x0000000086a00000|  0%| F|  |TS  0|AC  0|TAMS 0x0000000086900000, 0x0000000086900000|
|  26|0x0000000086a00000, 0x0000000086a00000, 0x0000000086b00000|  0%| F|  |TS  0|AC  0|TAMS 0x0000000086a00000, 0x0000000086a00000|
|  27|0x0000000086b00000, 0x0000000086b00000, 0x0000000086c00000|  0%| F|  |TS  0|AC  0|TAMS 0x0000000086b00000, 0x0000000086b00000|
|  28|0x0000000086c00000, 0x0000000086c00000, 0x0000000086d00000|  0%| F|  |TS  0|AC  0|TAMS 0x0000000086c00000, 0x0000000086c00000|
|  29|0x0000000086d00000, 0x0000000086d00000, 0x0000000086e00000|  0%| F|  |TS  0|AC  0|TAMS 0x0000000086d00000, 0x0000000086d00000|
|  30|0x0000000086e00000, 0x0000000086e00000, 0x0000000086f00000|  0%| F|  |TS  0|AC  0|TAMS 0x0000000086e00000, 0x0000000086e00000|
|  31|0x0000000086f00000, 0x0000000086f00000, 0x0000000087000000|  0%| F|  |TS  0|AC  0|TAMS 0x0000000086f00000, 0x0000000086f00000|
|  32|0x0000000087000000, 0x0000000087000000, 0x0000000087100000|  0%| F|  |TS  0|AC  0|TAMS 0x0000000087000000, 0x0000000087000000|
|  33|0x0000000087100000, 0x0000000087100000, 0x0000000087200000|  0%| F|  |TS  0|AC  0|TAMS 0x0000000087100000, 0x0000000087100000|
|  34|0x0000000087200000, 0x0000000087200000, 0x0000000087300000|  0%| F|  |TS  0|AC  0|TAMS 0x0000000087200000, 0x0000000087200000|
|  35|0x0000000087300000, 0x0000000087300000, 0x0000000087400000|  0%| F|  |TS  0|AC  0|TAMS 0x0000000087300000, 0x0000000087300000|
|  36|0x0000000087400000, 0x0000000087400000, 0x0000000087500000|  0%| F|  |TS  0|AC  0|TAMS 0x0000000087400000, 0x0000000087400000|
|  37|0x0000000087500000, 0x0000000087500000, 0x0000000087600000|  0%| F|  |TS  0|AC  0|TAMS 0x0000000087500000, 0x0000000087500000|
|  38|0x0000000087600000, 0x0000000087600000, 0x0000000087700000|  0%| F|  |TS  0|AC  0|TAMS 0x0000000087600000, 0x0000000087600000|
|  39|0x0000000087700000, 0x0000000087700000, 0x0000000087800000|  0%| F|  |TS  0|AC  0|TAMS 0x0000000087700000, 0x0000000087700000|
|  40|0x0000000087800000, 0x0000000087800000, 0x0000000087900000|  0%| F|  |TS  0|AC  0|TAMS 0x0000000087800000, 0x0000000087800000|
|  41|0x0000000087900000, 0x0000000087900000, 0x0000000087a00000|  0%| F|  |TS  0|AC  0|TAMS 0x0000000087900000, 0x0000000087900000|
|  42|0x0000000087a00000, 0x0000000087a00000, 0x0000000087b00000|  0%| F|  |TS  0|AC  0|TAMS 0x0000000087a00000, 0x0000000087a00000|
|  43|0x0000000087b00000, 0x0000000087b00000, 0x0000000087c00000|  0%| F|  |TS  0|AC  0|TAMS 0x0000000087b00000, 0x0000000087b00000|
|  44|0x0000000087c00000, 0x0000000087c00000, 0x0000000087d00000|  0%| F|  |TS  0|AC  0|TAMS 0x0000000087c00000, 0x0000000087c00000|
|  45|0x0000000087d00000, 0x0000000087d00000, 0x0000000087e00000|  0%| F|  |TS  0|AC  0|TAMS 0x0000000087d00000, 0x0000000087d00000|
|  46|0x0000000087e00000, 0x0000000087e00000, 0x0000000087f00000|  0%| F|  |TS  0|AC  0|TAMS 0x0000000087e00000, 0x0000000087e00000|
|  47|0x0000000087f00000, 0x0000000087f00000, 0x0000000088000000|  0%| F|  |TS  0|AC  0|TAMS 0x0000000087f00000, 0x0000000087f00000|
|  48|0x0000000088000000, 0x0000000088000000, 0x0000000088100000|  0%| F|  |TS  0|AC  0|TAMS 0x0000000088000000, 0x0000000088000000|
|  49|0x0000000088100000, 0x0000000088100000, 0x0000000088200000|  0%| F|  |TS  0|AC  0|TAMS 0x0000000088100000, 0x0000000088100000|
|  50|0x0000000088200000, 0x0000000088200000, 0x0000000088300000|  0%| F|  |TS  0|AC  0|TAMS 0x0000000088200000, 0x0000000088200000|
|  51|0x0000000088300000, 0x0000000088300000, 0x0000000088400000|  0%| F|  |TS  0|AC  0|TAMS 0x0000000088300000, 0x0000000088300000|
|  52|0x0000000088400000, 0x0000000088400000, 0x0000000088500000|  0%| F|  |TS  0|AC  0|TAMS 0x0000000088400000, 0x0000000088400000|
|  53|0x0000000088500000, 0x0000000088500000, 0x0000000088600000|  0%| F|  |TS  0|AC  0|TAMS 0x0000000088500000, 0x0000000088500000|
|  54|0x0000000088600000, 0x0000000088600000, 0x0000000088700000|  0%| F|  |TS  0|AC  0|TAMS 0x0000000088600000, 0x0000000088600000|
|  55|0x0000000088700000, 0x0000000088700000, 0x0000000088800000|  0%| F|  |TS  0|AC  0|TAMS 0x0000000088700000, 0x0000000088700000|
|  56|0x0000000088800000, 0x0000000088800000, 0x0000000088900000|  0%| F|  |TS  0|AC  0|TAMS 0x0000000088800000, 0x0000000088800000|
|  57|0x0000000088900000, 0x0000000088900000, 0x0000000088a00000|  0%| F|  |TS  0|AC  0|TAMS 0x0000000088900000, 0x0000000088900000|
|  58|0x0000000088a00000, 0x0000000088a00000, 0x0000000088b00000|  0%| F|  |TS  0|AC  0|TAMS 0x0000000088a00000, 0x0000000088a00000|
|  59|0x0000000088b00000, 0x0000000088b00000, 0x0000000088c00000|  0%| F|  |TS  0|AC  0|TAMS 0x0000000088b00000, 0x0000000088b00000|
|  60|0x0000000088c00000, 0x0000000088c00000, 0x0000000088d00000|  0%| F|  |TS  0|AC  0|TAMS 0x0000000088c00000, 0x0000000088c00000|
|  61|0x0000000088d00000, 0x0000000088d00000, 0x0000000088e00000|  0%| F|  |TS  0|AC  0|TAMS 0x0000000088d00000, 0x0000000088d00000|
|  62|0x0000000088e00000, 0x0000000088e00000, 0x0000000088f00000|  0%| F|  |TS  0|AC  0|TAMS 0x0000000088e00000, 0x0000000088e00000|
|  63|0x0000000088f00000, 0x0000000088f00000, 0x0000000089000000|  0%| F|  |TS  0|AC  0|TAMS 0x0000000088f00000, 0x0000000088f00000|
|  64|0x0000000089000000, 0x0000000089000000, 0x0000000089100000|  0%| F|  |TS  0|AC  0|TAMS 0x0000000089000000, 0x0000000089000000|
|  65|0x0000000089100000, 0x0000000089100000, 0x0000000089200000|  0%| F|  |TS  0|AC  0|TAMS 0x0000000089100000, 0x0000000089100000|
|  66|0x0000000089200000, 0x0000000089200000, 0x0000000089300000|  0%| F|  |TS  0|AC  0|TAMS 0x0000000089200000, 0x0000000089200000|
|  67|0x0000000089300000, 0x0000000089300000, 0x0000000089400000|  0%| F|  |TS  0|AC  0|TAMS 0x0000000089300000, 0x0000000089300000|
|  68|0x0000000089400000, 0x0000000089400000, 0x0000000089500000|  0%| F|  |TS  0|AC  0|TAMS 0x0000000089400000, 0x0000000089400000|
|  69|0x0000000089500000, 0x0000000089500000, 0x0000000089600000|  0%| F|  |TS  0|AC  0|TAMS 0x0000000089500000, 0x0000000089500000|
|  70|0x0000000089600000, 0x0000000089600000, 0x0000000089700000|  0%| F|  |TS  0|AC  0|TAMS 0x0000000089600000, 0x0000000089600000|
|  71|0x0000000089700000, 0x0000000089700000, 0x0000000089800000|  0%| F|  |TS  0|AC  0|TAMS 0x0000000089700000, 0x0000000089700000|
|  72|0x0000000089800000, 0x0000000089800000, 0x0000000089900000|  0%| F|  |TS  0|AC  0|TAMS 0x0000000089800000, 0x0000000089800000|
|  73|0x0000000089900000, 0x0000000089900000, 0x0000000089a00000|  0%| F|  |TS  0|AC  0|TAMS 0x0000000089900000, 0x0000000089900000|
|  74|0x0000000089a00000, 0x0000000089a00000, 0x0000000089b00000|  0%| F|  |TS  0|AC  0|TAMS 0x0000000089a00000, 0x0000000089a00000|
|  75|0x0000000089b00000, 0x0000000089b00000, 0x0000000089c00000|  0%| F|  |TS  0|AC  0|TAMS 0x0000000089b00000, 0x0000000089b00000|
|  76|0x0000000089c00000, 0x0000000089c00000, 0x0000000089d00000|  0%| F|  |TS  0|AC  0|TAMS 0x0000000089c00000, 0x0000000089c00000|
|  77|0x0000000089d00000, 0x0000000089d00000, 0x0000000089e00000|  0%| F|  |TS  0|AC  0|TAMS 0x0000000089d00000, 0x0000000089d00000|
|  78|0x0000000089e00000, 0x0000000089e00000, 0x0000000089f00000|  0%| F|  |TS  0|AC  0|TAMS 0x0000000089e00000, 0x0000000089e00000|
|  79|0x0000000089f00000, 0x0000000089f00000, 0x000000008a000000|  0%| F|  |TS  0|AC  0|TAMS 0x0000000089f00000, 0x0000000089f00000|
|  80|0x000000008a000000, 0x000000008a000000, 0x000000008a100000|  0%| F|  |TS  0|AC  0|TAMS 0x000000008a000000, 0x000000008a000000|
|  81|0x000000008a100000, 0x000000008a100000, 0x000000008a200000|  0%| F|  |TS  0|AC  0|TAMS 0x000000008a100000, 0x000000008a100000|
|  82|0x000000008a200000, 0x000000008a200000, 0x000000008a300000|  0%| F|  |TS  0|AC  0|TAMS 0x000000008a200000, 0x000000008a200000|
|  83|0x000000008a300000, 0x000000008a300000, 0x000000008a400000|  0%| F|  |TS  0|AC  0|TAMS 0x000000008a300000, 0x000000008a300000|
|  84|0x000000008a400000, 0x000000008a400000, 0x000000008a500000|  0%| F|  |TS  0|AC  0|TAMS 0x000000008a400000, 0x000000008a400000|
|  85|0x000000008a500000, 0x000000008a500000, 0x000000008a600000|  0%| F|  |TS  0|AC  0|TAMS 0x000000008a500000, 0x000000008a500000|
|  86|0x000000008a600000, 0x000000008a600000, 0x000000008a700000|  0%| F|  |TS  0|AC  0|TAMS 0x000000008a600000, 0x000000008a600000|
|  87|0x000000008a700000, 0x000000008a700000, 0x000000008a800000|  0%| F|  |TS  0|AC  0|TAMS 0x000000008a700000, 0x000000008a700000|
|  88|0x000000008a800000, 0x000000008a800000, 0x000000008a900000|  0%| F|  |TS  0|AC  0|TAMS 0x000000008a800000, 0x000000008a800000|
|  89|0x000000008a900000, 0x000000008a900000, 0x000000008aa00000|  0%| F|  |TS  0|AC  0|TAMS 0x000000008a900000, 0x000000008a900000|
|  90|0x000000008aa00000, 0x000000008aa00000, 0x000000008ab00000|  0%| F|  |TS  0|AC  0|TAMS 0x000000008aa00000, 0x000000008aa00000|
|  91|0x000000008ab00000, 0x000000008ab00000, 0x000000008ac00000|  0%| F|  |TS  0|AC  0|TAMS 0x000000008ab00000, 0x000000008ab00000|
|  92|0x000000008ac00000, 0x000000008ac00000, 0x000000008ad00000|  0%| F|  |TS  0|AC  0|TAMS 0x000000008ac00000, 0x000000008ac00000|
|  93|0x000000008ad00000, 0x000000008ad00000, 0x000000008ae00000|  0%| F|  |TS  0|AC  0|TAMS 0x000000008ad00000, 0x000000008ad00000|
|  94|0x000000008ae00000, 0x000000008ae00000, 0x000000008af00000|  0%| F|  |TS  0|AC  0|TAMS 0x000000008ae00000, 0x000000008ae00000|
|  95|0x000000008af00000, 0x000000008af00000, 0x000000008b000000|  0%| F|  |TS  0|AC  0|TAMS 0x000000008af00000, 0x000000008af00000|
|  96|0x000000008b000000, 0x000000008b000000, 0x000000008b100000|  0%| F|  |TS  0|AC  0|TAMS 0x000000008b000000, 0x000000008b000000|
|  97|0x000000008b100000, 0x000000008b100000, 0x000000008b200000|  0%| F|  |TS  0|AC  0|TAMS 0x000000008b100000, 0x000000008b100000|
|  98|0x000000008b200000, 0x000000008b200000, 0x000000008b300000|  0%| F|  |TS  0|AC  0|TAMS 0x000000008b200000, 0x000000008b200000|
|  99|0x000000008b300000, 0x000000008b300000, 0x000000008b400000|  0%| F|  |TS  0|AC  0|TAMS 0x000000008b300000, 0x000000008b300000|
| 100|0x000000008b400000, 0x000000008b400000, 0x000000008b500000|  0%| F|  |TS  0|AC  0|TAMS 0x000000008b400000, 0x000000008b400000|
| 101|0x000000008b500000, 0x000000008b500000, 0x000000008b600000|  0%| F|  |TS  0|AC  0|TAMS 0x000000008b500000, 0x000000008b500000|
| 102|0x000000008b600000, 0x000000008b600000, 0x000000008b700000|  0%| F|  |TS  0|AC  0|TAMS 0x000000008b600000, 0x000000008b600000|
| 103|0x000000008b700000, 0x000000008b700000, 0x000000008b800000|  0%| F|  |TS  0|AC  0|TAMS 0x000000008b700000, 0x000000008b700000|
| 104|0x000000008b800000, 0x000000008b800000, 0x000000008b900000|  0%| F|  |TS  0|AC  0|TAMS 0x000000008b800000, 0x000000008b800000|
| 105|0x000000008b900000, 0x000000008b900000, 0x000000008ba00000|  0%| F|  |TS  0|AC  0|TAMS 0x000000008b900000, 0x000000008b900000|
| 106|0x000000008ba00000, 0x000000008ba00000, 0x000000008bb00000|  0%| F|  |TS  0|AC  0|TAMS 0x000000008ba00000, 0x000000008ba00000|
| 107|0x000000008bb00000, 0x000000008bb00000, 0x000000008bc00000|  0%| F|  |TS  0|AC  0|TAMS 0x000000008bb00000, 0x000000008bb00000|
| 108|0x000000008bc00000, 0x000000008bd00000, 0x000000008bd00000|100%| S|CS|TS  1|AC  0|TAMS 0x000000008bc00000, 0x000000008bc00000|
| 109|0x000000008bd00000, 0x000000008be00000, 0x000000008be00000|100%| S|CS|TS  1|AC  0|TAMS 0x000000008bd00000, 0x000000008bd00000|
| 110|0x000000008be00000, 0x000000008be00000, 0x000000008bf00000|  0%| F|  |TS  1|AC  0|TAMS 0x000000008be00000, 0x000000008be00000|
| 111|0x000000008bf00000, 0x000000008bf00000, 0x000000008c000000|  0%| F|  |TS  1|AC  0|TAMS 0x000000008bf00000, 0x000000008bf00000|
| 112|0x000000008c000000, 0x000000008c000000, 0x000000008c100000|  0%| F|  |TS  1|AC  0|TAMS 0x000000008c000000, 0x000000008c000000|
| 113|0x000000008c100000, 0x000000008c100000, 0x000000008c200000|  0%| F|  |TS  1|AC  0|TAMS 0x000000008c100000, 0x000000008c100000|
| 114|0x000000008c200000, 0x000000008c200000, 0x000000008c300000|  0%| F|  |TS  1|AC  0|TAMS 0x000000008c200000, 0x000000008c200000|
| 115|0x000000008c300000, 0x000000008c300000, 0x000000008c400000|  0%| F|  |TS  1|AC  0|TAMS 0x000000008c300000, 0x000000008c300000|
| 116|0x000000008c400000, 0x000000008c400000, 0x000000008c500000|  0%| F|  |TS  1|AC  0|TAMS 0x000000008c400000, 0x000000008c400000|
| 117|0x000000008c500000, 0x000000008c500000, 0x000000008c600000|  0%| F|  |TS  1|AC  0|TAMS 0x000000008c500000, 0x000000008c500000|
| 118|0x000000008c600000, 0x000000008c60c010, 0x000000008c700000|  4%| E|  |TS  1|AC  0|TAMS 0x000000008c600000, 0x000000008c600000|
| 119|0x000000008c700000, 0x000000008c800000, 0x000000008c800000|100%| E|CS|TS  1|AC  0|TAMS 0x000000008c700000, 0x000000008c700000|
| 120|0x000000008c800000, 0x000000008c900000, 0x000000008c900000|100%| E|CS|TS  1|AC  0|TAMS 0x000000008c800000, 0x000000008c800000|
| 121|0x000000008c900000, 0x000000008ca00000, 0x000000008ca00000|100%| E|CS|TS  1|AC  0|TAMS 0x000000008c900000, 0x000000008c900000|
| 122|0x000000008ca00000, 0x000000008cb00000, 0x000000008cb00000|100%| E|CS|TS  1|AC  0|TAMS 0x000000008ca00000, 0x000000008ca00000|
| 123|0x000000008cb00000, 0x000000008cc00000, 0x000000008cc00000|100%| E|CS|TS  1|AC  0|TAMS 0x000000008cb00000, 0x000000008cb00000|

Card table byte_map: [0x00007fe6d6b69000,0x00007fe6d6f41000] byte_map_base: 0x00007fe6d6741000

Marking Bits (Prev, Next): (CMBitMap*) 0x00007fe6f0056900, (CMBitMap*) 0x00007fe6f0056938
 Prev Bits: [0x00007fe6d48d1000, 0x00007fe6d6791000)
 Next Bits: [0x00007fe6c6140000, 0x00007fe6c8000000)

Polling page: 0x00007fe6f81a2000

CodeHeap 'non-profiled nmethods': size=120032Kb used=283Kb max_used=283Kb free=119748Kb
 bounds [0x00007fe6df5ed000, 0x00007fe6df85d000, 0x00007fe6e6b25000]
CodeHeap 'profiled nmethods': size=120032Kb used=1287Kb max_used=1287Kb free=118744Kb
 bounds [0x00007fe6d80b5000, 0x00007fe6d8325000, 0x00007fe6df5ed000]
CodeHeap 'non-nmethods': size=5696Kb used=1134Kb max_used=1134Kb free=4561Kb
 bounds [0x00007fe6d7b25000, 0x00007fe6d7d95000, 0x00007fe6d80b5000]
 total_blobs=1522 nmethods=848 adapters=401
 compilation: enabled

Compilation events (10 events):
Event: 1.082 Thread 0x00007fe6f0173800  839       3       java.util.concurrent.locks.ReentrantReadWriteLock$Sync::exclusiveCount (5 bytes)
Event: 1.082 Thread 0x00007fe6f0173800 nmethod 839 0x00007fe6d81f1e10 code [0x00007fe6d81f1fc0, 0x00007fe6d81f20f0]
Event: 1.083 Thread 0x00007fe6f0173800  840       3       java.util.concurrent.locks.AbstractQueuedSynchronizer::doReleaseShared (79 bytes)
Event: 1.086 Thread 0x00007fe6f0173800 nmethod 840 0x00007fe6d81f2190 code [0x00007fe6d81f24a0, 0x00007fe6d81f3528]
Event: 1.086 Thread 0x00007fe6f0173800  841   !   3       java.util.zip.ZipFile$ZipFileInputStream::read (135 bytes)
Event: 1.087 Thread 0x00007fe6f016f800  844 %     4       java.util.zip.ZipFile$Source::hashN @ 2 (26 bytes)
Event: 1.093 Thread 0x00007fe6f016f800 nmethod 844% 0x00007fe6df632b10 code [0x00007fe6df632ca0, 0x00007fe6df632f38]
Event: 1.093 Thread 0x00007fe6f016f800  845       4       java.lang.String::getBytes (44 bytes)
Event: 1.095 Thread 0x00007fe6f016f800 nmethod 845 0x00007fe6df633090 code [0x00007fe6df633220, 0x00007fe6df633338]
Event: 1.095 Thread 0x00007fe6f016f800  846       4       java.lang.StringBuilder::append (8 bytes)

GC Heap History (2 events):
Event: 0.827 GC heap before
{Heap before GC invocations=0 (full 0):
 garbage-first heap   total 126976K, used 14336K [0x0000000085000000, 0x0000000100000000)
  region size 1024K, 14 young (14336K), 0 survivors (0K)
 Metaspace       used 8983K, capacity 9292K, committed 9472K, reserved 1058816K
  class space    used 847K, capacity 958K, committed 1024K, reserved 1048576K
}
Event: 0.836 GC heap after
{Heap after GC invocations=1 (full 0):
 garbage-first heap   total 126976K, used 2266K [0x0000000085000000, 0x0000000100000000)
  region size 1024K, 2 young (2048K), 2 survivors (2048K)
 Metaspace       used 8983K, capacity 9292K, committed 9472K, reserved 1058816K
  class space    used 847K, capacity 958K, committed 1024K, reserved 1048576K
}

Deoptimization events (6 events):
Event: 0.305 Thread 0x00007fe6f0012800 Uncommon trap: reason=unstable_if action=reinterpret pc=0x00007fe6df5ff830 method=java.lang.StringLatin1.lastIndexOf([BI[BII)I @ 32 c2
Event: 0.311 Thread 0x00007fe6f0012800 Uncommon trap: reason=unstable_if action=reinterpret pc=0x00007fe6df5fce1c method=java.lang.CharacterDataLatin1.isJavaIdentifierPart(I)Z @ 11 c2
Event: 0.313 Thread 0x00007fe6f0012800 Uncommon trap: reason=unstable_if action=reinterpret pc=0x00007fe6df6013a8 method=java.lang.CharacterDataLatin1.isJavaIdentifierPart(I)Z @ 11 c2
Event: 0.368 Thread 0x00007fe6f0012800 Uncommon trap: reason=unstable_if action=reinterpret pc=0x00007fe6df604708 method=java.util.ImmutableCollections$SetN.probe(Ljava/lang/Object;)I @ 38 c2
Event: 0.368 Thread 0x00007fe6f0012800 Uncommon trap: reason=unstable_if action=reinterpret pc=0x00007fe6df5fee44 method=java.util.ImmutableCollections$SetN.probe(Ljava/lang/Object;)I @ 38 c2
Event: 0.426 Thread 0x00007fe6f0012800 Uncommon trap: reason=unstable_if action=reinterpret pc=0x00007fe6df602c18 method=java.lang.String.substring(II)Ljava/lang/String; @ 22 c2

Classes redefined (0 events):
No events

Internal exceptions (10 events):
Event: 0.566 Thread 0x00007fe6f0012800 Exception <a 'java/lang/NoSuchMethodError'{0x000000008c136b70}: java.lang.invoke.DirectMethodHandle$Holder.invokeStatic(Ljava/lang/Object;Ljava/lang/Object;Ljava/lang/Object;Ljava/lang/Object;Ljava/lang/Object;Ljava/lang/Object;Ljava/lang/Object;Ljava/lan
Event: 0.570 Thread 0x00007fe6f0012800 Exception <a 'java/lang/NoSuchMethodError'{0x000000008c154488}: java.lang.invoke.DirectMethodHandle$Holder.invokeStatic(Ljava/lang/Object;Ljava/lang/Object;Ljava/lang/Object;Ljava/lang/Object;Ljava/lang/Object;Ljava/lang/Object;Ljava/lang/Object;Ljava/lan
Event: 0.587 Thread 0x00007fe6f0012800 Exception <a 'java/lang/NoSuchMethodError'{0x000000008c171430}: java.lang.invoke.DirectMethodHandle$Holder.invokeStatic(Ljava/lang/Object;Ljava/lang/Object;Ljava/lang/Object;Ljava/lang/Object;Ljava/lang/Object;Ljava/lang/Object;Ljava/lang/Object;Ljava/lan
Event: 0.709 Thread 0x00007fe6f0012800 Exception <a 'java/lang/NoSuchMethodError'{0x000000008bf6d738}: java.lang.invoke.DirectMethodHandle$Holder.invokeStatic(Ljava/lang/Object;Ljava/lang/Object;Ljava/lang/Object;)V> (0x000000008bf6d738) thrown at [/build/openjdk-lts-Ae5PRQ/openjdk-lts-10.0.2+
Event: 0.944 Thread 0x00007fe6f0012800 Exception <a 'java/lang/NoSuchMethodError'{0x000000008ca18ad8}: java.lang.invoke.DirectMethodHandle$Holder.invokeStatic(Ljava/lang/Object;Ljava/lang/Object;Ljava/lang/Object;)I> (0x000000008ca18ad8) thrown at [/build/openjdk-lts-Ae5PRQ/openjdk-lts-10.0.2+
Event: 0.944 Thread 0x00007fe6f0012800 Exception <a 'java/lang/NoSuchMethodError'{0x000000008ca1b858}: java.lang.invoke.DirectMethodHandle$Holder.invokeStaticInit(Ljava/lang/Object;Ljava/lang/Object;Ljava/lang/Object;)I> (0x000000008ca1b858) thrown at [/build/openjdk-lts-Ae5PRQ/openjdk-lts-10.
Event: 0.947 Thread 0x00007fe6f0012800 Exception <a 'java/lang/NoSuchMethodError'{0x000000008ca273a0}: java.lang.invoke.DirectMethodHandle$Holder.invokeSpecial(Ljava/lang/Object;Ljava/lang/Object;)V> (0x000000008ca273a0) thrown at [/build/openjdk-lts-Ae5PRQ/openjdk-lts-10.0.2+13/src/hotspot/sh
Event: 1.057 Thread 0x00007fe6f0012800 Exception <a 'java/lang/NoSuchMethodError'{0x000000008caf46b0}: java.lang.invoke.DirectMethodHandle$Holder.invokeStatic(Ljava/lang/Object;Ljava/lang/Object;Ljava/lang/Object;I)Ljava/lang/Object;> (0x000000008caf46b0) thrown at [/build/openjdk-lts-Ae5PRQ/o
Event: 1.058 Thread 0x00007fe6f0012800 Exception <a 'java/lang/NoSuchMethodError'{0x000000008caf8258}: java.lang.invoke.DirectMethodHandle$Holder.invokeSpecial(Ljava/lang/Object;Ljava/lang/Object;Ljava/lang/Object;Ljava/lang/Object;I)Ljava/lang/Object;> (0x000000008caf8258) thrown at [/build/o
Event: 1.058 Thread 0x00007fe6f0012800 Exception <a 'java/lang/NoSuchMethodError'{0x000000008cafe900}: method resolution failed> (0x000000008cafe900) thrown at [/build/openjdk-lts-Ae5PRQ/openjdk-lts-10.0.2+13/src/hotspot/share/prims/methodHandles.cpp, line 1226]

Events (10 events):
Event: 1.066 loading class java/util/concurrent/FutureTask
Event: 1.066 loading class java/util/concurrent/FutureTask done
Event: 1.067 loading class java/util/concurrent/CancellationException
Event: 1.067 loading class java/util/concurrent/CancellationException done
Event: 1.067 loading class java/util/concurrent/ExecutionException
Event: 1.067 loading class java/util/concurrent/ExecutionException done
Event: 1.067 loading class java/util/concurrent/FutureTask$WaitNode
Event: 1.067 loading class java/util/concurrent/FutureTask$WaitNode done
Event: 1.067 loading class java/util/concurrent/Executors$RunnableAdapter
Event: 1.067 loading class java/util/concurrent/Executors$RunnableAdapter done


Dynamic libraries:
411f8000-41299000 rw-p 00000000 00:00 0 
41b9d000-41b9f000 r-xs 00000000 08:04 920904                             /tmp/.gl5pix5c (deleted)
85000000-8cc00000 rw-p 00000000 00:00 0 
8cc00000-100000000 ---p 00000000 00:00 0 
100000000-100120000 rw-p 00000000 00:00 0 
100120000-140000000 ---p 00000000 00:00 0 
55d2dab75000-55d2dab76000 r-xp 00000000 08:04 1180420                    /usr/lib/jvm/java-11-openjdk-amd64/bin/java
55d2dad76000-55d2dad77000 r--p 00001000 08:04 1180420                    /usr/lib/jvm/java-11-openjdk-amd64/bin/java
55d2dad77000-55d2dad78000 rw-p 00002000 08:04 1180420                    /usr/lib/jvm/java-11-openjdk-amd64/bin/java
55d2db1d8000-55d2db1f9000 rw-p 00000000 00:00 0                          [heap]
7fe644000000-7fe644021000 rw-p 00000000 00:00 0 
7fe644021000-7fe648000000 ---p 00000000 00:00 0 
7fe64b7ff000-7fe64b800000 ---p 00000000 00:00 0 
7fe64b800000-7fe64c000000 rw-p 00000000 00:00 0 
7fe64c000000-7fe64c021000 rw-p 00000000 00:00 0 
7fe64c021000-7fe650000000 ---p 00000000 00:00 0 
7fe650000000-7fe650021000 rw-p 00000000 00:00 0 
7fe650021000-7fe654000000 ---p 00000000 00:00 0 
7fe654000000-7fe654021000 rw-p 00000000 00:00 0 
7fe654021000-7fe658000000 ---p 00000000 00:00 0 
7fe658000000-7fe658021000 rw-p 00000000 00:00 0 
7fe658021000-7fe65c000000 ---p 00000000 00:00 0 
7fe65c000000-7fe65c021000 rw-p 00000000 00:00 0 
7fe65c021000-7fe660000000 ---p 00000000 00:00 0 
7fe66002b000-7fe660037000 r-xp 00000000 08:04 132652                     /usr/lib/x86_64-linux-gnu/gio/modules/libdconfsettings.so
7fe660037000-7fe660236000 ---p 0000c000 08:04 132652                     /usr/lib/x86_64-linux-gnu/gio/modules/libdconfsettings.so
7fe660236000-7fe660237000 r--p 0000b000 08:04 132652                     /usr/lib/x86_64-linux-gnu/gio/modules/libdconfsettings.so
7fe660237000-7fe660238000 rw-p 0000c000 08:04 132652                     /usr/lib/x86_64-linux-gnu/gio/modules/libdconfsettings.so
7fe660238000-7fe66023c000 ---p 00000000 00:00 0 
7fe66023c000-7fe660339000 rw-p 00000000 00:00 0 
7fe660339000-7fe66033d000 ---p 00000000 00:00 0 
7fe66033d000-7fe66043a000 rw-p 00000000 00:00 0 
7fe66043a000-7fe66043e000 ---p 00000000 00:00 0 
7fe66043e000-7fe66053b000 rw-p 00000000 00:00 0 
7fe66053b000-7fe66053c000 ---p 00000000 00:00 0 
7fe66053c000-7fe660d3c000 rw-p 00000000 00:00 0 
7fe660d3c000-7fe660d3d000 ---p 00000000 00:00 0 
7fe660d3d000-7fe66153d000 rw-p 00000000 00:00 0 
7fe66153d000-7fe661573000 r-xp 00000000 08:04 136609                     /usr/lib/x86_64-linux-gnu/gvfs/libgvfscommon.so
7fe661573000-7fe661773000 ---p 00036000 08:04 136609                     /usr/lib/x86_64-linux-gnu/gvfs/libgvfscommon.so
7fe661773000-7fe661779000 r--p 00036000 08:04 136609                     /usr/lib/x86_64-linux-gnu/gvfs/libgvfscommon.so
7fe661779000-7fe66177a000 rw-p 0003c000 08:04 136609                     /usr/lib/x86_64-linux-gnu/gvfs/libgvfscommon.so
7fe66177a000-7fe6617ab000 r-xp 00000000 08:04 136348                     /usr/lib/x86_64-linux-gnu/gio/modules/libgvfsdbus.so
7fe6617ab000-7fe6619ab000 ---p 00031000 08:04 136348                     /usr/lib/x86_64-linux-gnu/gio/modules/libgvfsdbus.so
7fe6619ab000-7fe6619ad000 r--p 00031000 08:04 136348                     /usr/lib/x86_64-linux-gnu/gio/modules/libgvfsdbus.so
7fe6619ad000-7fe6619ae000 rw-p 00033000 08:04 136348                     /usr/lib/x86_64-linux-gnu/gio/modules/libgvfsdbus.so
7fe6619ae000-7fe6619b3000 r-xp 00000000 08:04 1190587                    /usr/lib/x86_64-linux-gnu/libXtst.so.6.1.0
7fe6619b3000-7fe661bb2000 ---p 00005000 08:04 1190587                    /usr/lib/x86_64-linux-gnu/libXtst.so.6.1.0
7fe661bb2000-7fe661bb3000 r--p 00004000 08:04 1190587                    /usr/lib/x86_64-linux-gnu/libXtst.so.6.1.0
7fe661bb3000-7fe661bb4000 rw-p 00005000 08:04 1190587                    /usr/lib/x86_64-linux-gnu/libXtst.so.6.1.0
7fe661bb4000-7fe661bb5000 r-xp 00000000 08:04 1180170                    /usr/lib/x86_64-linux-gnu/libgthread-2.0.so.0.5600.3
7fe661bb5000-7fe661db4000 ---p 00001000 08:04 1180170                    /usr/lib/x86_64-linux-gnu/libgthread-2.0.so.0.5600.3
7fe661db4000-7fe661db5000 r--p 00000000 08:04 1180170                    /usr/lib/x86_64-linux-gnu/libgthread-2.0.so.0.5600.3
7fe661db5000-7fe661db6000 rw-p 00001000 08:04 1180170                    /usr/lib/x86_64-linux-gnu/libgthread-2.0.so.0.5600.3
7fe661db6000-7fe661dfa000 r-xp 00000000 08:05 1971438                    /home/hildemir/javafx-sdk-11.0.2/lib/libglassgtk3.so
7fe661dfa000-7fe661ffa000 ---p 00044000 08:05 1971438                    /home/hildemir/javafx-sdk-11.0.2/lib/libglassgtk3.so
7fe661ffa000-7fe661ffc000 r--p 00044000 08:05 1971438                    /home/hildemir/javafx-sdk-11.0.2/lib/libglassgtk3.so
7fe661ffc000-7fe661ffd000 rw-p 00046000 08:05 1971438                    /home/hildemir/javafx-sdk-11.0.2/lib/libglassgtk3.so
7fe661ffd000-7fe661ffe000 rw-p 00000000 00:00 0 
7fe661ffe000-7fe662012000 r-xp 00000000 08:04 530014                     /lib/x86_64-linux-gnu/libgpg-error.so.0.22.0
7fe662012000-7fe662211000 ---p 00014000 08:04 530014                     /lib/x86_64-linux-gnu/libgpg-error.so.0.22.0
7fe662211000-7fe662212000 r--p 00013000 08:04 530014                     /lib/x86_64-linux-gnu/libgpg-error.so.0.22.0
7fe662212000-7fe662213000 rw-p 00014000 08:04 530014                     /lib/x86_64-linux-gnu/libgpg-error.so.0.22.0
7fe662213000-7fe662219000 r-xp 00000000 08:04 542837                     /lib/x86_64-linux-gnu/libuuid.so.1.3.0
7fe662219000-7fe662418000 ---p 00006000 08:04 542837                     /lib/x86_64-linux-gnu/libuuid.so.1.3.0
7fe662418000-7fe662419000 r--p 00005000 08:04 542837                     /lib/x86_64-linux-gnu/libuuid.so.1.3.0
7fe662419000-7fe66241a000 rw-p 00006000 08:04 542837                     /lib/x86_64-linux-gnu/libuuid.so.1.3.0
7fe66241a000-7fe66252e000 r-xp 00000000 08:04 533179                     /lib/x86_64-linux-gnu/libgcrypt.so.20.2.1
7fe66252e000-7fe66272d000 ---p 00114000 08:04 533179                     /lib/x86_64-linux-gnu/libgcrypt.so.20.2.1
7fe66272d000-7fe66272f000 r--p 00113000 08:04 533179                     /lib/x86_64-linux-gnu/libgcrypt.so.20.2.1
7fe66272f000-7fe662734000 rw-p 00115000 08:04 533179                     /lib/x86_64-linux-gnu/libgcrypt.so.20.2.1
7fe662734000-7fe662735000 rw-p 00000000 00:00 0 
7fe662735000-7fe662750000 r-xp 00000000 08:04 1191336                    /usr/lib/x86_64-linux-gnu/liblz4.so.1.7.1
7fe662750000-7fe66294f000 ---p 0001b000 08:04 1191336                    /usr/lib/x86_64-linux-gnu/liblz4.so.1.7.1
7fe66294f000-7fe662950000 r--p 0001a000 08:04 1191336                    /usr/lib/x86_64-linux-gnu/liblz4.so.1.7.1
7fe662950000-7fe662951000 rw-p 0001b000 08:04 1191336                    /usr/lib/x86_64-linux-gnu/liblz4.so.1.7.1
7fe662951000-7fe662975000 r-xp 00000000 08:04 530033                     /lib/x86_64-linux-gnu/liblzma.so.5.2.2
7fe662975000-7fe662b75000 ---p 00024000 08:04 530033                     /lib/x86_64-linux-gnu/liblzma.so.5.2.2
7fe662b75000-7fe662b76000 r--p 00024000 08:04 530033                     /lib/x86_64-linux-gnu/liblzma.so.5.2.2
7fe662b76000-7fe662b77000 rw-p 00025000 08:04 530033                     /lib/x86_64-linux-gnu/liblzma.so.5.2.2
7fe662b77000-7fe662bbe000 r-xp 00000000 08:04 530142                     /lib/x86_64-linux-gnu/libblkid.so.1.1.0
7fe662bbe000-7fe662dbe000 ---p 00047000 08:04 530142                     /lib/x86_64-linux-gnu/libblkid.so.1.1.0
7fe662dbe000-7fe662dc2000 r--p 00047000 08:04 530142                     /lib/x86_64-linux-gnu/libblkid.so.1.1.0
7fe662dc2000-7fe662dc3000 rw-p 0004b000 08:04 530142                     /lib/x86_64-linux-gnu/libblkid.so.1.1.0
7fe662dc3000-7fe662dc4000 rw-p 00000000 00:00 0 
7fe662dc4000-7fe662dca000 r-xp 00000000 08:04 1190825                    /usr/lib/x86_64-linux-gnu/libdatrie.so.1.3.3
7fe662dca000-7fe662fc9000 ---p 00006000 08:04 1190825                    /usr/lib/x86_64-linux-gnu/libdatrie.so.1.3.3
7fe662fc9000-7fe662fca000 r--p 00005000 08:04 1190825                    /usr/lib/x86_64-linux-gnu/libdatrie.so.1.3.3
7fe662fca000-7fe662fcb000 rw-p 00006000 08:04 1190825                    /usr/lib/x86_64-linux-gnu/libdatrie.so.1.3.3
7fe662fcb000-7fe662ff6000 r-xp 00000000 08:04 1191096                    /usr/lib/x86_64-linux-gnu/libgraphite2.so.3.0.1
7fe662ff6000-7fe6631f5000 ---p 0002b000 08:04 1191096                    /usr/lib/x86_64-linux-gnu/libgraphite2.so.3.0.1
7fe6631f5000-7fe6631f7000 r--p 0002a000 08:04 1191096                    /usr/lib/x86_64-linux-gnu/libgraphite2.so.3.0.1
7fe6631f7000-7fe6631f8000 rw-p 0002c000 08:04 1191096                    /usr/lib/x86_64-linux-gnu/libgraphite2.so.3.0.1
7fe6631f8000-7fe663278000 r-xp 00000000 08:04 529572                     /lib/x86_64-linux-gnu/libsystemd.so.0.21.0
7fe663278000-7fe663477000 ---p 00080000 08:04 529572                     /lib/x86_64-linux-gnu/libsystemd.so.0.21.0
7fe663477000-7fe66347a000 r--p 0007f000 08:04 529572                     /lib/x86_64-linux-gnu/libsystemd.so.0.21.0
7fe66347a000-7fe66347b000 rw-p 00082000 08:04 529572                     /lib/x86_64-linux-gnu/libsystemd.so.0.21.0
7fe66347b000-7fe66347c000 rw-p 00000000 00:00 0 
7fe66347c000-7fe6634ec000 r-xp 00000000 08:04 530095                     /lib/x86_64-linux-gnu/libpcre.so.3.13.3
7fe6634ec000-7fe6636ec000 ---p 00070000 08:04 530095                     /lib/x86_64-linux-gnu/libpcre.so.3.13.3
7fe6636ec000-7fe6636ed000 r--p 00070000 08:04 530095                     /lib/x86_64-linux-gnu/libpcre.so.3.13.3
7fe6636ed000-7fe6636ee000 rw-p 00071000 08:04 530095                     /lib/x86_64-linux-gnu/libpcre.so.3.13.3
7fe6636ee000-7fe6636f5000 r-xp 00000000 08:04 1190939                    /usr/lib/x86_64-linux-gnu/libffi.so.6.0.4
7fe6636f5000-7fe6638f4000 ---p 00007000 08:04 1190939                    /usr/lib/x86_64-linux-gnu/libffi.so.6.0.4
7fe6638f4000-7fe6638f5000 r--p 00006000 08:04 1190939                    /usr/lib/x86_64-linux-gnu/libffi.so.6.0.4
7fe6638f5000-7fe6638f6000 rw-p 00007000 08:04 1190939                    /usr/lib/x86_64-linux-gnu/libffi.so.6.0.4
7fe6638f6000-7fe663947000 r-xp 00000000 08:04 530006                     /lib/x86_64-linux-gnu/libmount.so.1.1.0
7fe663947000-7fe663b46000 ---p 00051000 08:04 530006                     /lib/x86_64-linux-gnu/libmount.so.1.1.0
7fe663b46000-7fe663b48000 r--p 00050000 08:04 530006                     /lib/x86_64-linux-gnu/libmount.so.1.1.0
7fe663b48000-7fe663b49000 rw-p 00052000 08:04 530006                     /lib/x86_64-linux-gnu/libmount.so.1.1.0
7fe663b49000-7fe663b4a000 rw-p 00000000 00:00 0 
7fe663b4a000-7fe663b61000 r-xp 00000000 08:04 530112                     /lib/x86_64-linux-gnu/libresolv-2.27.so
7fe663b61000-7fe663d61000 ---p 00017000 08:04 530112                     /lib/x86_64-linux-gnu/libresolv-2.27.so
7fe663d61000-7fe663d62000 r--p 00017000 08:04 530112                     /lib/x86_64-linux-gnu/libresolv-2.27.so
7fe663d62000-7fe663d63000 rw-p 00018000 08:04 530112                     /lib/x86_64-linux-gnu/libresolv-2.27.so
7fe663d63000-7fe663d65000 rw-p 00000000 00:00 0 
7fe663d65000-7fe663d8a000 r-xp 00000000 08:04 530118                     /lib/x86_64-linux-gnu/libselinux.so.1
7fe663d8a000-7fe663f89000 ---p 00025000 08:04 530118                     /lib/x86_64-linux-gnu/libselinux.so.1
7fe663f89000-7fe663f8a000 r--p 00024000 08:04 530118                     /lib/x86_64-linux-gnu/libselinux.so.1
7fe663f8a000-7fe663f8b000 rw-p 00025000 08:04 530118                     /lib/x86_64-linux-gnu/libselinux.so.1
7fe663f8b000-7fe663f8d000 rw-p 00000000 00:00 0 
7fe663f8d000-7fe663fbc000 r-xp 00000000 08:04 530003                     /lib/x86_64-linux-gnu/libexpat.so.1.6.7
7fe663fbc000-7fe6641bc000 ---p 0002f000 08:04 530003                     /lib/x86_64-linux-gnu/libexpat.so.1.6.7
7fe6641bc000-7fe6641be000 r--p 0002f000 08:04 530003                     /lib/x86_64-linux-gnu/libexpat.so.1.6.7
7fe6641be000-7fe6641bf000 rw-p 00031000 08:04 530003                     /lib/x86_64-linux-gnu/libexpat.so.1.6.7
7fe6641bf000-7fe6641c7000 r-xp 00000000 08:04 1191716                    /usr/lib/x86_64-linux-gnu/libthai.so.0.3.0
7fe6641c7000-7fe6643c6000 ---p 00008000 08:04 1191716                    /usr/lib/x86_64-linux-gnu/libthai.so.0.3.0
7fe6643c6000-7fe6643c7000 r--p 00007000 08:04 1191716                    /usr/lib/x86_64-linux-gnu/libthai.so.0.3.0
7fe6643c7000-7fe6643c8000 rw-p 00008000 08:04 1191716                    /usr/lib/x86_64-linux-gnu/libthai.so.0.3.0
7fe6643c8000-7fe664464000 r-xp 00000000 08:04 1191187                    /usr/lib/x86_64-linux-gnu/libharfbuzz.so.0.10702.0
7fe664464000-7fe664664000 ---p 0009c000 08:04 1191187                    /usr/lib/x86_64-linux-gnu/libharfbuzz.so.0.10702.0
7fe664664000-7fe664665000 r--p 0009c000 08:04 1191187                    /usr/lib/x86_64-linux-gnu/libharfbuzz.so.0.10702.0
7fe664665000-7fe664666000 rw-p 0009d000 08:04 1191187                    /usr/lib/x86_64-linux-gnu/libharfbuzz.so.0.10702.0
7fe664666000-7fe664692000 r-xp 00000000 08:04 1190646                    /usr/lib/x86_64-linux-gnu/libatspi.so.0.0.1
7fe664692000-7fe664892000 ---p 0002c000 08:04 1190646                    /usr/lib/x86_64-linux-gnu/libatspi.so.0.0.1
7fe664892000-7fe664895000 r--p 0002c000 08:04 1190646                    /usr/lib/x86_64-linux-gnu/libatspi.so.0.0.1
7fe664895000-7fe664896000 rw-p 0002f000 08:04 1190646                    /usr/lib/x86_64-linux-gnu/libatspi.so.0.0.1
7fe664896000-7fe6648e1000 r-xp 00000000 08:04 529988                     /lib/x86_64-linux-gnu/libdbus-1.so.3.19.4
7fe6648e1000-7fe664ae1000 ---p 0004b000 08:04 529988                     /lib/x86_64-linux-gnu/libdbus-1.so.3.19.4
7fe664ae1000-7fe664ae2000 r--p 0004b000 08:04 529988                     /lib/x86_64-linux-gnu/libdbus-1.so.3.19.4
7fe664ae2000-7fe664ae3000 rw-p 0004c000 08:04 529988                     /lib/x86_64-linux-gnu/libdbus-1.so.3.19.4
7fe664ae3000-7fe664aec000 r-xp 00000000 08:04 1190581                    /usr/lib/x86_64-linux-gnu/libXrender.so.1.3.0
7fe664aec000-7fe664ceb000 ---p 00009000 08:04 1190581                    /usr/lib/x86_64-linux-gnu/libXrender.so.1.3.0
7fe664ceb000-7fe664cec000 r--p 00008000 08:04 1190581                    /usr/lib/x86_64-linux-gnu/libXrender.so.1.3.0
7fe664cec000-7fe664ced000 rw-p 00009000 08:04 1190581                    /usr/lib/x86_64-linux-gnu/libXrender.so.1.3.0
7fe664ced000-7fe664cf9000 r-xp 00000000 08:04 1191869                    /usr/lib/x86_64-linux-gnu/libxcb-render.so.0.0.0
7fe664cf9000-7fe664ef8000 ---p 0000c000 08:04 1191869                    /usr/lib/x86_64-linux-gnu/libxcb-render.so.0.0.0
7fe664ef8000-7fe664ef9000 r--p 0000b000 08:04 1191869                    /usr/lib/x86_64-linux-gnu/libxcb-render.so.0.0.0
7fe664ef9000-7fe664efa000 rw-p 0000c000 08:04 1191869                    /usr/lib/x86_64-linux-gnu/libxcb-render.so.0.0.0
7fe664efa000-7fe664efc000 r-xp 00000000 08:04 1191873                    /usr/lib/x86_64-linux-gnu/libxcb-shm.so.0.0.0
7fe664efc000-7fe6650fb000 ---p 00002000 08:04 1191873                    /usr/lib/x86_64-linux-gnu/libxcb-shm.so.0.0.0
7fe6650fb000-7fe6650fc000 r--p 00001000 08:04 1191873                    /usr/lib/x86_64-linux-gnu/libxcb-shm.so.0.0.0
7fe6650fc000-7fe6650fd000 rw-p 00002000 08:04 1191873                    /usr/lib/x86_64-linux-gnu/libxcb-shm.so.0.0.0
7fe6650fd000-7fe66512e000 r-xp 00000000 08:04 1183189                    /usr/lib/x86_64-linux-gnu/libpng16.so.16.34.0
7fe66512e000-7fe66532d000 ---p 00031000 08:04 1183189                    /usr/lib/x86_64-linux-gnu/libpng16.so.16.34.0
7fe66532d000-7fe66532e000 r--p 00030000 08:04 1183189                    /usr/lib/x86_64-linux-gnu/libpng16.so.16.34.0
7fe66532e000-7fe66532f000 rw-p 00031000 08:04 1183189                    /usr/lib/x86_64-linux-gnu/libpng16.so.16.34.0
7fe66532f000-7fe6653cc000 r-xp 00000000 08:04 1191522                    /usr/lib/x86_64-linux-gnu/libpixman-1.so.0.34.0
7fe6653cc000-7fe6655cb000 ---p 0009d000 08:04 1191522                    /usr/lib/x86_64-linux-gnu/libpixman-1.so.0.34.0
7fe6655cb000-7fe6655d3000 r--p 0009c000 08:04 1191522                    /usr/lib/x86_64-linux-gnu/libpixman-1.so.0.34.0
7fe6655d3000-7fe6655d4000 rw-p 000a4000 08:04 1191522                    /usr/lib/x86_64-linux-gnu/libpixman-1.so.0.34.0
7fe6655d4000-7fe665681000 r-xp 00000000 08:04 1190969                    /usr/lib/x86_64-linux-gnu/libfreetype.so.6.15.0
7fe665681000-7fe665880000 ---p 000ad000 08:04 1190969                    /usr/lib/x86_64-linux-gnu/libfreetype.so.6.15.0
7fe665880000-7fe665887000 r--p 000ac000 08:04 1190969                    /usr/lib/x86_64-linux-gnu/libfreetype.so.6.15.0
7fe665887000-7fe665888000 rw-p 000b3000 08:04 1190969                    /usr/lib/x86_64-linux-gnu/libfreetype.so.6.15.0
7fe665888000-7fe665895000 r-xp 00000000 08:04 1259034                    /usr/lib/x86_64-linux-gnu/libwayland-client.so.0.3.0
7fe665895000-7fe665a94000 ---p 0000d000 08:04 1259034                    /usr/lib/x86_64-linux-gnu/libwayland-client.so.0.3.0
7fe665a94000-7fe665a96000 r--p 0000c000 08:04 1259034                    /usr/lib/x86_64-linux-gnu/libwayland-client.so.0.3.0
7fe665a96000-7fe665a97000 rw-p 0000e000 08:04 1259034                    /usr/lib/x86_64-linux-gnu/libwayland-client.so.0.3.0
7fe665a97000-7fe665a98000 r-xp 00000000 08:04 1191405                    /usr/lib/x86_64-linux-gnu/libwayland-egl.so.1.0.0
7fe665a98000-7fe665c97000 ---p 00001000 08:04 1191405                    /usr/lib/x86_64-linux-gnu/libwayland-egl.so.1.0.0
7fe665c97000-7fe665c98000 r--p 00000000 08:04 1191405                    /usr/lib/x86_64-linux-gnu/libwayland-egl.so.1.0.0
7fe665c98000-7fe665c99000 rw-p 00001000 08:04 1191405                    /usr/lib/x86_64-linux-gnu/libwayland-egl.so.1.0.0
7fe665c99000-7fe665c9d000 r-xp 00000000 08:04 1191809                    /usr/lib/x86_64-linux-gnu/libwayland-cursor.so.0.0.0
7fe665c9d000-7fe665e9c000 ---p 00004000 08:04 1191809                    /usr/lib/x86_64-linux-gnu/libwayland-cursor.so.0.0.0
7fe665e9c000-7fe665e9d000 r--p 00003000 08:04 1191809                    /usr/lib/x86_64-linux-gnu/libwayland-cursor.so.0.0.0
7fe665e9d000-7fe665ea1000 rw-p 00004000 08:04 1191809                    /usr/lib/x86_64-linux-gnu/libwayland-cursor.so.0.0.0
7fe665ea1000-7fe665ede000 r-xp 00000000 08:04 1191409                    /usr/lib/x86_64-linux-gnu/libxkbcommon.so.0.0.0
7fe665ede000-7fe6660dd000 ---p 0003d000 08:04 1191409                    /usr/lib/x86_64-linux-gnu/libxkbcommon.so.0.0.0
7fe6660dd000-7fe6660df000 r--p 0003c000 08:04 1191409                    /usr/lib/x86_64-linux-gnu/libxkbcommon.so.0.0.0
7fe6660df000-7fe6660e0000 rw-p 0003e000 08:04 1191409                    /usr/lib/x86_64-linux-gnu/libxkbcommon.so.0.0.0
7fe6660e0000-7fe6660e2000 r-xp 00000000 08:04 1190557                    /usr/lib/x86_64-linux-gnu/libXdamage.so.1.1.0
7fe6660e2000-7fe6662e1000 ---p 00002000 08:04 1190557                    /usr/lib/x86_64-linux-gnu/libXdamage.so.1.1.0
7fe6662e1000-7fe6662e2000 r--p 00001000 08:04 1190557                    /usr/lib/x86_64-linux-gnu/libXdamage.so.1.1.0
7fe6662e2000-7fe6662e3000 rw-p 00002000 08:04 1190557                    /usr/lib/x86_64-linux-gnu/libXdamage.so.1.1.0
7fe6662e3000-7fe6662e5000 r-xp 00000000 08:04 1190553                    /usr/lib/x86_64-linux-gnu/libXcomposite.so.1.0.0
7fe6662e5000-7fe6664e4000 ---p 00002000 08:04 1190553                    /usr/lib/x86_64-linux-gnu/libXcomposite.so.1.0.0
7fe6664e4000-7fe6664e5000 r--p 00001000 08:04 1190553                    /usr/lib/x86_64-linux-gnu/libXcomposite.so.1.0.0
7fe6664e5000-7fe6664e6000 rw-p 00002000 08:04 1190553                    /usr/lib/x86_64-linux-gnu/libXcomposite.so.1.0.0
7fe6664e6000-7fe6664ef000 r-xp 00000000 08:04 1190555                    /usr/lib/x86_64-linux-gnu/libXcursor.so.1.0.2
7fe6664ef000-7fe6666ee000 ---p 00009000 08:04 1190555                    /usr/lib/x86_64-linux-gnu/libXcursor.so.1.0.2
7fe6666ee000-7fe6666ef000 r--p 00008000 08:04 1190555                    /usr/lib/x86_64-linux-gnu/libXcursor.so.1.0.2
7fe6666ef000-7fe6666f0000 rw-p 00009000 08:04 1190555                    /usr/lib/x86_64-linux-gnu/libXcursor.so.1.0.2
7fe6666f0000-7fe6666fa000 r-xp 00000000 08:04 1190579                    /usr/lib/x86_64-linux-gnu/libXrandr.so.2.2.0
7fe6666fa000-7fe6668f9000 ---p 0000a000 08:04 1190579                    /usr/lib/x86_64-linux-gnu/libXrandr.so.2.2.0
7fe6668f9000-7fe6668fa000 r--p 00009000 08:04 1190579                    /usr/lib/x86_64-linux-gnu/libXrandr.so.2.2.0
7fe6668fa000-7fe6668fb000 rw-p 0000a000 08:04 1190579                    /usr/lib/x86_64-linux-gnu/libXrandr.so.2.2.0
7fe6668fb000-7fe6668fd000 r-xp 00000000 08:04 1190571                    /usr/lib/x86_64-linux-gnu/libXinerama.so.1.0.0
7fe6668fd000-7fe666afc000 ---p 00002000 08:04 1190571                    /usr/lib/x86_64-linux-gnu/libXinerama.so.1.0.0
7fe666afc000-7fe666afd000 r--p 00001000 08:04 1190571                    /usr/lib/x86_64-linux-gnu/libXinerama.so.1.0.0
7fe666afd000-7fe666afe000 rw-p 00002000 08:04 1190571                    /usr/lib/x86_64-linux-gnu/libXinerama.so.1.0.0
7fe666afe000-7fe666c11000 r-xp 00000000 08:04 1180135                    /usr/lib/x86_64-linux-gnu/libglib-2.0.so.0.5600.3
7fe666c11000-7fe666e11000 ---p 00113000 08:04 1180135                    /usr/lib/x86_64-linux-gnu/libglib-2.0.so.0.5600.3
7fe666e11000-7fe666e12000 r--p 00113000 08:04 1180135                    /usr/lib/x86_64-linux-gnu/libglib-2.0.so.0.5600.3
7fe666e12000-7fe666e13000 rw-p 00114000 08:04 1180135                    /usr/lib/x86_64-linux-gnu/libglib-2.0.so.0.5600.3
7fe666e13000-7fe666e14000 rw-p 00000000 00:00 0 
7fe666e14000-7fe666e66000 r-xp 00000000 08:04 1180166                    /usr/lib/x86_64-linux-gnu/libgobject-2.0.so.0.5600.3
7fe666e66000-7fe667066000 ---p 00052000 08:04 1180166                    /usr/lib/x86_64-linux-gnu/libgobject-2.0.so.0.5600.3
7fe667066000-7fe667067000 r--p 00052000 08:04 1180166                    /usr/lib/x86_64-linux-gnu/libgobject-2.0.so.0.5600.3
7fe667067000-7fe667068000 rw-p 00053000 08:04 1180166                    /usr/lib/x86_64-linux-gnu/libgobject-2.0.so.0.5600.3
7fe667068000-7fe6671fd000 r-xp 00000000 08:04 1180108                    /usr/lib/x86_64-linux-gnu/libgio-2.0.so.0.5600.3
7fe6671fd000-7fe6673fd000 ---p 00195000 08:04 1180108                    /usr/lib/x86_64-linux-gnu/libgio-2.0.so.0.5600.3
7fe6673fd000-7fe667404000 r--p 00195000 08:04 1180108                    /usr/lib/x86_64-linux-gnu/libgio-2.0.so.0.5600.3
7fe667404000-7fe667405000 rw-p 0019c000 08:04 1180108                    /usr/lib/x86_64-linux-gnu/libgio-2.0.so.0.5600.3
7fe667405000-7fe667407000 rw-p 00000000 00:00 0 
7fe667407000-7fe667445000 r-xp 00000000 08:04 1190955                    /usr/lib/x86_64-linux-gnu/libfontconfig.so.1.10.1
7fe667445000-7fe667645000 ---p 0003e000 08:04 1190955                    /usr/lib/x86_64-linux-gnu/libfontconfig.so.1.10.1
7fe667645000-7fe667647000 r--p 0003e000 08:04 1190955                    /usr/lib/x86_64-linux-gnu/libfontconfig.so.1.10.1
7fe667647000-7fe66764c000 rw-p 00040000 08:04 1190955                    /usr/lib/x86_64-linux-gnu/libfontconfig.so.1.10.1
7fe66764c000-7fe667696000 r-xp 00000000 08:04 1179833                    /usr/lib/x86_64-linux-gnu/libpango-1.0.so.0.4000.14
7fe667696000-7fe667895000 ---p 0004a000 08:04 1179833                    /usr/lib/x86_64-linux-gnu/libpango-1.0.so.0.4000.14
7fe667895000-7fe667898000 r--p 00049000 08:04 1179833                    /usr/lib/x86_64-linux-gnu/libpango-1.0.so.0.4000.14
7fe667898000-7fe667899000 rw-p 0004c000 08:04 1179833                    /usr/lib/x86_64-linux-gnu/libpango-1.0.so.0.4000.14
7fe667899000-7fe6678ad000 r-xp 00000000 08:04 1183772                    /usr/lib/x86_64-linux-gnu/libpangoft2-1.0.so.0.4000.14
7fe6678ad000-7fe667aad000 ---p 00014000 08:04 1183772                    /usr/lib/x86_64-linux-gnu/libpangoft2-1.0.so.0.4000.14
7fe667aad000-7fe667aae000 r--p 00014000 08:04 1183772                    /usr/lib/x86_64-linux-gnu/libpangoft2-1.0.so.0.4000.14
7fe667aae000-7fe667aaf000 rw-p 00015000 08:04 1183772                    /usr/lib/x86_64-linux-gnu/libpangoft2-1.0.so.0.4000.14
7fe667aaf000-7fe667ba2000 r-xp 00000000 08:04 1190910                    /usr/lib/x86_64-linux-gnu/libepoxy.so.0.0.0
7fe667ba2000-7fe667da2000 ---p 000f3000 08:04 1190910                    /usr/lib/x86_64-linux-gnu/libepoxy.so.0.0.0
7fe667da2000-7fe667da9000 r--p 000f3000 08:04 1190910                    /usr/lib/x86_64-linux-gnu/libepoxy.so.0.0.0
7fe667da9000-7fe667db0000 rw-p 000fa000 08:04 1190910                    /usr/lib/x86_64-linux-gnu/libepoxy.so.0.0.0
7fe667db0000-7fe667dde000 r-xp 00000000 08:04 1190640                    /usr/lib/x86_64-linux-gnu/libatk-bridge-2.0.so.0.0.0
7fe667dde000-7fe667fde000 ---p 0002e000 08:04 1190640                    /usr/lib/x86_64-linux-gnu/libatk-bridge-2.0.so.0.0.0
7fe667fde000-7fe667fdf000 r--p 0002e000 08:04 1190640                    /usr/lib/x86_64-linux-gnu/libatk-bridge-2.0.so.0.0.0
7fe667fdf000-7fe667fe0000 rw-p 0002f000 08:04 1190640                    /usr/lib/x86_64-linux-gnu/libatk-bridge-2.0.so.0.0.0
7fe667fe0000-7fe667fe1000 rw-p 00000000 00:00 0 
7fe667fe1000-7fe668003000 r-xp 00000000 08:04 1190638                    /usr/lib/x86_64-linux-gnu/libatk-1.0.so.0.22810.1
7fe668003000-7fe668203000 ---p 00022000 08:04 1190638                    /usr/lib/x86_64-linux-gnu/libatk-1.0.so.0.22810.1
7fe668203000-7fe668206000 r--p 00022000 08:04 1190638                    /usr/lib/x86_64-linux-gnu/libatk-1.0.so.0.22810.1
7fe668206000-7fe668207000 rw-p 00025000 08:04 1190638                    /usr/lib/x86_64-linux-gnu/libatk-1.0.so.0.22810.1
7fe668207000-7fe668229000 r-xp 00000000 08:04 1191009                    /usr/lib/x86_64-linux-gnu/libgdk_pixbuf-2.0.so.0.3611.0
7fe668229000-7fe668429000 ---p 00022000 08:04 1191009                    /usr/lib/x86_64-linux-gnu/libgdk_pixbuf-2.0.so.0.3611.0
7fe668429000-7fe66842a000 r--p 00022000 08:04 1191009                    /usr/lib/x86_64-linux-gnu/libgdk_pixbuf-2.0.so.0.3611.0
7fe66842a000-7fe66842b000 rw-p 00023000 08:04 1191009                    /usr/lib/x86_64-linux-gnu/libgdk_pixbuf-2.0.so.0.3611.0
7fe66842b000-7fe668543000 r-xp 00000000 08:04 1190720                    /usr/lib/x86_64-linux-gnu/libcairo.so.2.11510.0
7fe668543000-7fe668742000 ---p 00118000 08:04 1190720                    /usr/lib/x86_64-linux-gnu/libcairo.so.2.11510.0
7fe668742000-7fe668745000 r--p 00117000 08:04 1190720                    /usr/lib/x86_64-linux-gnu/libcairo.so.2.11510.0
7fe668745000-7fe668747000 rw-p 0011a000 08:04 1190720                    /usr/lib/x86_64-linux-gnu/libcairo.so.2.11510.0
7fe668747000-7fe668748000 rw-p 00000000 00:00 0 
7fe668748000-7fe66874f000 r-xp 00000000 08:04 1190718                    /usr/lib/x86_64-linux-gnu/libcairo-gobject.so.2.11510.0
7fe66874f000-7fe66894e000 ---p 00007000 08:04 1190718                    /usr/lib/x86_64-linux-gnu/libcairo-gobject.so.2.11510.0
7fe66894e000-7fe668950000 r--p 00006000 08:04 1190718                    /usr/lib/x86_64-linux-gnu/libcairo-gobject.so.2.11510.0
7fe668950000-7fe668951000 rw-p 00008000 08:04 1190718                    /usr/lib/x86_64-linux-gnu/libcairo-gobject.so.2.11510.0
7fe668951000-7fe668956000 r-xp 00000000 08:04 1190563                    /usr/lib/x86_64-linux-gnu/libXfixes.so.3.1.0
7fe668956000-7fe668b55000 ---p 00005000 08:04 1190563                    /usr/lib/x86_64-linux-gnu/libXfixes.so.3.1.0
7fe668b55000-7fe668b56000 r--p 00004000 08:04 1190563                    /usr/lib/x86_64-linux-gnu/libXfixes.so.3.1.0
7fe668b56000-7fe668b57000 rw-p 00005000 08:04 1190563                    /usr/lib/x86_64-linux-gnu/libXfixes.so.3.1.0
7fe668b57000-7fe668b66000 r-xp 00000000 08:04 1190569                    /usr/lib/x86_64-linux-gnu/libXi.so.6.1.0
7fe668b66000-7fe668d65000 ---p 0000f000 08:04 1190569                    /usr/lib/x86_64-linux-gnu/libXi.so.6.1.0
7fe668d65000-7fe668d66000 r--p 0000e000 08:04 1190569                    /usr/lib/x86_64-linux-gnu/libXi.so.6.1.0
7fe668d66000-7fe668d67000 rw-p 0000f000 08:04 1190569                    /usr/lib/x86_64-linux-gnu/libXi.so.6.1.0
7fe668d67000-7fe668d73000 r-xp 00000000 08:04 1183774                    /usr/lib/x86_64-linux-gnu/libpangocairo-1.0.so.0.4000.14
7fe668d73000-7fe668f72000 ---p 0000c000 08:04 1183774                    /usr/lib/x86_64-linux-gnu/libpangocairo-1.0.so.0.4000.14
7fe668f72000-7fe668f73000 r--p 0000b000 08:04 1183774                    /usr/lib/x86_64-linux-gnu/libpangocairo-1.0.so.0.4000.14
7fe668f73000-7fe668f74000 rw-p 0000c000 08:04 1183774                    /usr/lib/x86_64-linux-gnu/libpangocairo-1.0.so.0.4000.14
7fe668f74000-7fe668f77000 r-xp 00000000 08:04 1180165                    /usr/lib/x86_64-linux-gnu/libgmodule-2.0.so.0.5600.3
7fe668f77000-7fe669176000 ---p 00003000 08:04 1180165                    /usr/lib/x86_64-linux-gnu/libgmodule-2.0.so.0.5600.3
7fe669176000-7fe669177000 r--p 00002000 08:04 1180165                    /usr/lib/x86_64-linux-gnu/libgmodule-2.0.so.0.5600.3
7fe669177000-7fe669178000 rw-p 00003000 08:04 1180165                    /usr/lib/x86_64-linux-gnu/libgmodule-2.0.so.0.5600.3
7fe669178000-7fe669263000 r-xp 00000000 08:04 1191005                    /usr/lib/x86_64-linux-gnu/libgdk-3.so.0.2200.30
7fe669263000-7fe669463000 ---p 000eb000 08:04 1191005                    /usr/lib/x86_64-linux-gnu/libgdk-3.so.0.2200.30
7fe669463000-7fe66946a000 r--p 000eb000 08:04 1191005                    /usr/lib/x86_64-linux-gnu/libgdk-3.so.0.2200.30
7fe66946a000-7fe66946d000 rw-p 000f2000 08:04 1191005                    /usr/lib/x86_64-linux-gnu/libgdk-3.so.0.2200.30
7fe66946d000-7fe66946e000 rw-p 00000000 00:00 0 
7fe66946e000-7fe669b5f000 r-xp 00000000 08:04 1191154                    /usr/lib/x86_64-linux-gnu/libgtk-3.so.0.2200.30
7fe669b5f000-7fe669d5e000 ---p 006f1000 08:04 1191154                    /usr/lib/x86_64-linux-gnu/libgtk-3.so.0.2200.30
7fe669d5e000-7fe669d69000 r--p 006f0000 08:04 1191154                    /usr/lib/x86_64-linux-gnu/libgtk-3.so.0.2200.30
7fe669d69000-7fe669d70000 rw-p 006fb000 08:04 1191154                    /usr/lib/x86_64-linux-gnu/libgtk-3.so.0.2200.30
7fe669d70000-7fe669d75000 rw-p 00000000 00:00 0 
7fe669d75000-7fe669d76000 r-xp 00000000 08:05 1971444                    /home/hildemir/javafx-sdk-11.0.2/lib/libglass.so
7fe669d76000-7fe669f76000 ---p 00001000 08:05 1971444                    /home/hildemir/javafx-sdk-11.0.2/lib/libglass.so
7fe669f76000-7fe669f77000 r--p 00001000 08:05 1971444                    /home/hildemir/javafx-sdk-11.0.2/lib/libglass.so
7fe669f77000-7fe669f78000 rw-p 00002000 08:05 1971444                    /home/hildemir/javafx-sdk-11.0.2/lib/libglass.so
7fe669f78000-7fe669ff8000 rw-s 00000000 00:06 534                        /dev/nvidiactl
7fe669ff8000-7fe66a078000 rw-s 00000000 00:06 534                        /dev/nvidiactl
7fe66a078000-7fe66a0f8000 rw-s 00000000 00:06 534                        /dev/nvidiactl
7fe66a0f8000-7fe66a1f8000 rw-s 00000000 00:06 534                        /dev/nvidiactl
7fe66a1f8000-7fe66b617000 r-xp 00000000 08:04 1259159                    /usr/lib/x86_64-linux-gnu/libnvidia-glcore.so.390.116
7fe66b617000-7fe66b638000 rwxp 0141f000 08:04 1259159                    /usr/lib/x86_64-linux-gnu/libnvidia-glcore.so.390.116
7fe66b638000-7fe66ba74000 r-xp 01440000 08:04 1259159                    /usr/lib/x86_64-linux-gnu/libnvidia-glcore.so.390.116
7fe66ba74000-7fe66bc73000 ---p 0187c000 08:04 1259159                    /usr/lib/x86_64-linux-gnu/libnvidia-glcore.so.390.116
7fe66bc73000-7fe66bfe6000 rw-p 0187b000 08:04 1259159                    /usr/lib/x86_64-linux-gnu/libnvidia-glcore.so.390.116
7fe66bfe6000-7fe66c000000 rw-p 00000000 00:00 0 
7fe66c000000-7fe66c021000 rw-p 00000000 00:00 0 
7fe66c021000-7fe670000000 ---p 00000000 00:00 0 
7fe670000000-7fe670706000 rw-p 00000000 00:00 0 
7fe670706000-7fe674000000 ---p 00000000 00:00 0 
7fe674000000-7fe674021000 rw-p 00000000 00:00 0 
7fe674021000-7fe678000000 ---p 00000000 00:00 0 
7fe678000000-7fe678021000 rw-p 00000000 00:00 0 
7fe678021000-7fe67c000000 ---p 00000000 00:00 0 
7fe67c000000-7fe67c021000 rw-p 00000000 00:00 0 
7fe67c021000-7fe680000000 ---p 00000000 00:00 0 
7fe680000000-7fe680021000 rw-p 00000000 00:00 0 
7fe680021000-7fe684000000 ---p 00000000 00:00 0 
7fe684000000-7fe684ee7000 rw-p 00000000 00:00 0 
7fe684ee7000-7fe688000000 ---p 00000000 00:00 0 
7fe688000000-7fe68844b000 rw-p 00000000 00:00 0 
7fe68844b000-7fe68c000000 ---p 00000000 00:00 0 
7fe68c000000-7fe68c021000 rw-p 00000000 00:00 0 
7fe68c021000-7fe690000000 ---p 00000000 00:00 0 
7fe690000000-7fe690759000 rw-p 00000000 00:00 0 
7fe690759000-7fe694000000 ---p 00000000 00:00 0 
7fe694000000-7fe694021000 rw-p 00000000 00:00 0 
7fe694021000-7fe698000000 ---p 00000000 00:00 0 
7fe698000000-7fe698021000 rw-p 00000000 00:00 0 
7fe698021000-7fe69c000000 ---p 00000000 00:00 0 
7fe69c000000-7fe69c021000 rw-p 00000000 00:00 0 
7fe69c021000-7fe6a0000000 ---p 00000000 00:00 0 
7fe6a0000000-7fe6a0021000 rw-p 00000000 00:00 0 
7fe6a0021000-7fe6a4000000 ---p 00000000 00:00 0 
7fe6a4000000-7fe6a4021000 rw-p 00000000 00:00 0 
7fe6a4021000-7fe6a8000000 ---p 00000000 00:00 0 
7fe6a8005000-7fe6a804c000 r--p 00000000 08:04 568532                     /usr/share/glib-2.0/schemas/gschemas.compiled
7fe6a804c000-7fe6a808c000 rw-s 00000000 00:06 534                        /dev/nvidiactl
7fe6a808c000-7fe6a8191000 rw-s 00000000 00:06 534                        /dev/nvidiactl
7fe6a8191000-7fe6a81a2000 r-xp 00000000 08:04 1190561                    /usr/lib/x86_64-linux-gnu/libXext.so.6.4.0
7fe6a81a2000-7fe6a83a1000 ---p 00011000 08:04 1190561                    /usr/lib/x86_64-linux-gnu/libXext.so.6.4.0
7fe6a83a1000-7fe6a83a2000 r--p 00010000 08:04 1190561                    /usr/lib/x86_64-linux-gnu/libXext.so.6.4.0
7fe6a83a2000-7fe6a83a3000 rw-p 00011000 08:04 1190561                    /usr/lib/x86_64-linux-gnu/libXext.so.6.4.0
7fe6a83a3000-7fe6a83a6000 r-xp 00000000 08:04 1259163                    /usr/lib/x86_64-linux-gnu/tls/libnvidia-tls.so.390.116
7fe6a83a6000-7fe6a85a6000 ---p 00003000 08:04 1259163                    /usr/lib/x86_64-linux-gnu/tls/libnvidia-tls.so.390.116
7fe6a85a6000-7fe6a85a7000 rw-p 00003000 08:04 1259163                    /usr/lib/x86_64-linux-gnu/tls/libnvidia-tls.so.390.116
7fe6a85a7000-7fe6a8670000 r-xp 00000000 08:04 1259156                    /usr/lib/x86_64-linux-gnu/libGLX_nvidia.so.390.116
7fe6a8670000-7fe6a86a4000 rwxp 000c9000 08:04 1259156                    /usr/lib/x86_64-linux-gnu/libGLX_nvidia.so.390.116
7fe6a86a4000-7fe6a86b8000 r-xp 000fd000 08:04 1259156                    /usr/lib/x86_64-linux-gnu/libGLX_nvidia.so.390.116
7fe6a86b8000-7fe6a88b8000 ---p 00111000 08:04 1259156                    /usr/lib/x86_64-linux-gnu/libGLX_nvidia.so.390.116
7fe6a88b8000-7fe6a88dd000 rw-p 00111000 08:04 1259156                    /usr/lib/x86_64-linux-gnu/libGLX_nvidia.so.390.116
7fe6a88dd000-7fe6a88e4000 rw-p 00000000 00:00 0 
7fe6a88e4000-7fe6a88f7000 r-xp 00000000 08:04 529969                     /lib/x86_64-linux-gnu/libbsd.so.0.8.7
7fe6a88f7000-7fe6a8af6000 ---p 00013000 08:04 529969                     /lib/x86_64-linux-gnu/libbsd.so.0.8.7
7fe6a8af6000-7fe6a8af7000 r--p 00012000 08:04 529969                     /lib/x86_64-linux-gnu/libbsd.so.0.8.7
7fe6a8af7000-7fe6a8af8000 rw-p 00013000 08:04 529969                     /lib/x86_64-linux-gnu/libbsd.so.0.8.7
7fe6a8af8000-7fe6a8af9000 rw-p 00000000 00:00 0 
7fe6a8af9000-7fe6a8afe000 r-xp 00000000 08:04 1190559                    /usr/lib/x86_64-linux-gnu/libXdmcp.so.6.0.0
7fe6a8afe000-7fe6a8cfd000 ---p 00005000 08:04 1190559                    /usr/lib/x86_64-linux-gnu/libXdmcp.so.6.0.0
7fe6a8cfd000-7fe6a8cfe000 r--p 00004000 08:04 1190559                    /usr/lib/x86_64-linux-gnu/libXdmcp.so.6.0.0
7fe6a8cfe000-7fe6a8cff000 rw-p 00005000 08:04 1190559                    /usr/lib/x86_64-linux-gnu/libXdmcp.so.6.0.0
7fe6a8cff000-7fe6a8d01000 r-xp 00000000 08:04 1190548                    /usr/lib/x86_64-linux-gnu/libXau.so.6.0.0
7fe6a8d01000-7fe6a8f01000 ---p 00002000 08:04 1190548                    /usr/lib/x86_64-linux-gnu/libXau.so.6.0.0
7fe6a8f01000-7fe6a8f02000 r--p 00002000 08:04 1190548                    /usr/lib/x86_64-linux-gnu/libXau.so.6.0.0
7fe6a8f02000-7fe6a8f03000 rw-p 00003000 08:04 1190548                    /usr/lib/x86_64-linux-gnu/libXau.so.6.0.0
7fe6a8f03000-7fe6a8f45000 r-xp 00000000 08:04 1190471                    /usr/lib/x86_64-linux-gnu/libGLdispatch.so.0.0.0
7fe6a8f45000-7fe6a8f5e000 r-xp 00042000 08:04 1190471                    /usr/lib/x86_64-linux-gnu/libGLdispatch.so.0.0.0
7fe6a8f5e000-7fe6a8f71000 r-xp 0005b000 08:04 1190471                    /usr/lib/x86_64-linux-gnu/libGLdispatch.so.0.0.0
7fe6a8f71000-7fe6a9170000 ---p 0006e000 08:04 1190471                    /usr/lib/x86_64-linux-gnu/libGLdispatch.so.0.0.0
7fe6a9170000-7fe6a9198000 r--p 0006d000 08:04 1190471                    /usr/lib/x86_64-linux-gnu/libGLdispatch.so.0.0.0
7fe6a9198000-7fe6a9199000 rw-p 00095000 08:04 1190471                    /usr/lib/x86_64-linux-gnu/libGLdispatch.so.0.0.0
7fe6a9199000-7fe6a91b9000 rw-p 00000000 00:00 0 
7fe6a91b9000-7fe6a91c9000 r-xp 00000000 08:04 1179851                    /usr/lib/x86_64-linux-gnu/libGLX.so.0.0.0
7fe6a91c9000-7fe6a93c8000 ---p 00010000 08:04 1179851                    /usr/lib/x86_64-linux-gnu/libGLX.so.0.0.0
7fe6a93c8000-7fe6a93c9000 r--p 0000f000 08:04 1179851                    /usr/lib/x86_64-linux-gnu/libGLX.so.0.0.0
7fe6a93c9000-7fe6a93ca000 rw-p 00010000 08:04 1179851                    /usr/lib/x86_64-linux-gnu/libGLX.so.0.0.0
7fe6a93ca000-7fe6a93ea000 rw-p 00000000 00:00 0 
7fe6a93ea000-7fe6a9410000 r-xp 00000000 08:04 1258994                    /usr/lib/x86_64-linux-gnu/libxcb.so.1.1.0
7fe6a9410000-7fe6a9610000 ---p 00026000 08:04 1258994                    /usr/lib/x86_64-linux-gnu/libxcb.so.1.1.0
7fe6a9610000-7fe6a9611000 r--p 00026000 08:04 1258994                    /usr/lib/x86_64-linux-gnu/libxcb.so.1.1.0
7fe6a9611000-7fe6a9612000 rw-p 00027000 08:04 1258994                    /usr/lib/x86_64-linux-gnu/libxcb.so.1.1.0
7fe6a9612000-7fe6a9656000 r-xp 00000000 08:04 1180156                    /usr/lib/x86_64-linux-gnu/libGL.so.1.0.0
7fe6a9656000-7fe6a966f000 r-xp 00044000 08:04 1180156                    /usr/lib/x86_64-linux-gnu/libGL.so.1.0.0
7fe6a966f000-7fe6a9683000 r-xp 0005d000 08:04 1180156                    /usr/lib/x86_64-linux-gnu/libGL.so.1.0.0
7fe6a9683000-7fe6a9882000 ---p 00071000 08:04 1180156                    /usr/lib/x86_64-linux-gnu/libGL.so.1.0.0
7fe6a9882000-7fe6a989c000 r--p 00070000 08:04 1180156                    /usr/lib/x86_64-linux-gnu/libGL.so.1.0.0
7fe6a989c000-7fe6a989d000 rw-p 0008a000 08:04 1180156                    /usr/lib/x86_64-linux-gnu/libGL.so.1.0.0
7fe6a989d000-7fe6a989e000 rw-p 00000000 00:00 0 
7fe6a989e000-7fe6a99d1000 r-xp 00000000 08:04 1258999                    /usr/lib/x86_64-linux-gnu/libX11.so.6.3.0
7fe6a99d1000-7fe6a9bd1000 ---p 00133000 08:04 1258999                    /usr/lib/x86_64-linux-gnu/libX11.so.6.3.0
7fe6a9bd1000-7fe6a9bd2000 r--p 00133000 08:04 1258999                    /usr/lib/x86_64-linux-gnu/libX11.so.6.3.0
7fe6a9bd2000-7fe6a9bd6000 rw-p 00134000 08:04 1258999                    /usr/lib/x86_64-linux-gnu/libX11.so.6.3.0
7fe6a9bd6000-7fe6a9be2000 r-xp 00000000 08:05 1971446                    /home/hildemir/javafx-sdk-11.0.2/lib/libprism_es2.so
7fe6a9be2000-7fe6a9de1000 ---p 0000c000 08:05 1971446                    /home/hildemir/javafx-sdk-11.0.2/lib/libprism_es2.so
7fe6a9de1000-7fe6a9de2000 r--p 0000b000 08:05 1971446                    /home/hildemir/javafx-sdk-11.0.2/lib/libprism_es2.so
7fe6a9de2000-7fe6a9de3000 rw-p 0000c000 08:05 1971446                    /home/hildemir/javafx-sdk-11.0.2/lib/libprism_es2.so
7fe6a9de3000-7fe6a9f63000 rw-p 00000000 00:00 0 
7fe6a9f63000-7fe6a9fe3000 ---p 00000000 00:00 0 
7fe6a9fe3000-7fe6a9fe7000 ---p 00000000 00:00 0 
7fe6a9fe7000-7fe6aa0e4000 rw-p 00000000 00:00 0 
7fe6aa0e4000-7fe6aa0e5000 r-xp 00000000 08:04 1224811                    /usr/lib/jvm/java-11-openjdk-amd64/lib/libextnet.so
7fe6aa0e5000-7fe6aa2e4000 ---p 00001000 08:04 1224811                    /usr/lib/jvm/java-11-openjdk-amd64/lib/libextnet.so
7fe6aa2e4000-7fe6aa2e5000 r--p 00000000 08:04 1224811                    /usr/lib/jvm/java-11-openjdk-amd64/lib/libextnet.so
7fe6aa2e5000-7fe6aa2e6000 rw-p 00001000 08:04 1224811                    /usr/lib/jvm/java-11-openjdk-amd64/lib/libextnet.so
7fe6aa2e6000-7fe6aa2e7000 ---p 00000000 00:00 0 
7fe6aa2e7000-7fe6aa3e8000 rw-p 00000000 00:00 0 
7fe6aa3e8000-7fe6aa3ec000 ---p 00000000 00:00 0 
7fe6aa3ec000-7fe6aa4e9000 rw-p 00000000 00:00 0 
7fe6aa4e9000-7fe6aa4ed000 ---p 00000000 00:00 0 
7fe6aa4ed000-7fe6aa5ea000 rw-p 00000000 00:00 0 
7fe6aa5ea000-7fe6aa5ee000 ---p 00000000 00:00 0 
7fe6aa5ee000-7fe6aa6eb000 rw-p 00000000 00:00 0 
7fe6aa6eb000-7fe6aa702000 r-xp 00000000 08:04 1224832                    /usr/lib/jvm/java-11-openjdk-amd64/lib/libnet.so
7fe6aa702000-7fe6aa901000 ---p 00017000 08:04 1224832                    /usr/lib/jvm/java-11-openjdk-amd64/lib/libnet.so
7fe6aa901000-7fe6aa902000 r--p 00016000 08:04 1224832                    /usr/lib/jvm/java-11-openjdk-amd64/lib/libnet.so
7fe6aa902000-7fe6aa903000 rw-p 00017000 08:04 1224832                    /usr/lib/jvm/java-11-openjdk-amd64/lib/libnet.so
7fe6aa903000-7fe6aa914000 r-xp 00000000 08:04 1224833                    /usr/lib/jvm/java-11-openjdk-amd64/lib/libnio.so
7fe6aa914000-7fe6aab13000 ---p 00011000 08:04 1224833                    /usr/lib/jvm/java-11-openjdk-amd64/lib/libnio.so
7fe6aab13000-7fe6aab14000 r--p 00010000 08:04 1224833                    /usr/lib/jvm/java-11-openjdk-amd64/lib/libnio.so
7fe6aab14000-7fe6aab15000 rw-p 00011000 08:04 1224833                    /usr/lib/jvm/java-11-openjdk-amd64/lib/libnio.so
7fe6aab15000-7fe6aab19000 ---p 00000000 00:00 0 
7fe6aab19000-7fe6aac16000 rw-p 00000000 00:00 0 
7fe6aac16000-7fe6aac1a000 ---p 00000000 00:00 0 
7fe6aac1a000-7fe6aad17000 rw-p 00000000 00:00 0 
7fe6aad17000-7fe6aad1b000 ---p 00000000 00:00 0 
7fe6aad1b000-7fe6aae18000 rw-p 00000000 00:00 0 
7fe6aae18000-7fe6aae1c000 ---p 00000000 00:00 0 
7fe6aae1c000-7fe6aaf19000 rw-p 00000000 00:00 0 
7fe6aaf19000-7fe6aaf1d000 ---p 00000000 00:00 0 
7fe6aaf1d000-7fe6ab01a000 rw-p 00000000 00:00 0 
7fe6ab01a000-7fe6ab2f8000 r--p 00000000 08:04 1188352                    /usr/lib/locale/locale-archive
7fe6ab2f8000-7fe6ab2fc000 ---p 00000000 00:00 0 
7fe6ab2fc000-7fe6ab3f9000 rw-p 00000000 00:00 0 
7fe6ab3f9000-7fe6ab3fd000 ---p 00000000 00:00 0 
7fe6ab3fd000-7fe6ab4fa000 rw-p 00000000 00:00 0 
7fe6ab4fa000-7fe6ab4fb000 ---p 00000000 00:00 0 
7fe6ab4fb000-7fe6abdfc000 rw-p 00000000 00:00 0 
7fe6abdfc000-7fe6abdfd000 ---p 00000000 00:00 0 
7fe6abdfd000-7fe6abefe000 rw-p 00000000 00:00 0 
7fe6abefe000-7fe6abeff000 ---p 00000000 00:00 0 
7fe6abeff000-7fe6ac000000 rw-p 00000000 00:00 0 
7fe6ac000000-7fe6ac021000 rw-p 00000000 00:00 0 
7fe6ac021000-7fe6b0000000 ---p 00000000 00:00 0 
7fe6b0000000-7fe6b0021000 rw-p 00000000 00:00 0 
7fe6b0021000-7fe6b4000000 ---p 00000000 00:00 0 
7fe6b4000000-7fe6b4021000 rw-p 00000000 00:00 0 
7fe6b4021000-7fe6b8000000 ---p 00000000 00:00 0 
7fe6b8000000-7fe6b8021000 rw-p 00000000 00:00 0 
7fe6b8021000-7fe6bc000000 ---p 00000000 00:00 0 
7fe6bc000000-7fe6bc021000 rw-p 00000000 00:00 0 
7fe6bc021000-7fe6c0000000 ---p 00000000 00:00 0 
7fe6c0000000-7fe6c0021000 rw-p 00000000 00:00 0 
7fe6c0021000-7fe6c4000000 ---p 00000000 00:00 0 
7fe6c402b000-7fe6c403e000 rw-s 00000000 00:06 534                        /dev/nvidiactl
7fe6c403e000-7fe6c403f000 ---p 00000000 00:00 0 
7fe6c403f000-7fe6c6330000 rw-p 00000000 00:00 0 
7fe6c6330000-7fe6c8000000 ---p 00000000 00:00 0 
7fe6c8000000-7fe6c8021000 rw-p 00000000 00:00 0 
7fe6c8021000-7fe6cc000000 ---p 00000000 00:00 0 
7fe6cc000000-7fe6cc021000 rw-p 00000000 00:00 0 
7fe6cc021000-7fe6d0000000 ---p 00000000 00:00 0 
7fe6d0000000-7fe6d0021000 rw-p 00000000 00:00 0 
7fe6d0021000-7fe6d4000000 ---p 00000000 00:00 0 
7fe6d400d000-7fe6d400f000 rw-s 00000000 08:04 920904                     /tmp/.gl5pix5c (deleted)
7fe6d400f000-7fe6d402f000 rw-s 00000000 00:06 535                        /dev/nvidia0
7fe6d402f000-7fe6d404f000 rw-s 00000000 00:06 534                        /dev/nvidiactl
7fe6d404f000-7fe6d40c5000 rw-p 00000000 00:00 0 
7fe6d40c5000-7fe6d40c6000 ---p 00000000 00:00 0 
7fe6d40c6000-7fe6d41c7000 rw-p 00000000 00:00 0 
7fe6d41c7000-7fe6d41c8000 ---p 00000000 00:00 0 
7fe6d41c8000-7fe6d46cd000 rw-p 00000000 00:00 0 
7fe6d46cd000-7fe6d46ce000 ---p 00000000 00:00 0 
7fe6d46ce000-7fe6d47cf000 rw-p 00000000 00:00 0 
7fe6d47cf000-7fe6d47d0000 ---p 00000000 00:00 0 
7fe6d47d0000-7fe6d4ac1000 rw-p 00000000 00:00 0 
7fe6d4ac1000-7fe6d6791000 ---p 00000000 00:00 0 
7fe6d6791000-7fe6d67cf000 rw-p 00000000 00:00 0 
7fe6d67cf000-7fe6d6b69000 ---p 00000000 00:00 0 
7fe6d6b69000-7fe6d6ba7000 rw-p 00000000 00:00 0 
7fe6d6ba7000-7fe6d6f41000 ---p 00000000 00:00 0 
7fe6d6f41000-7fe6d6f7f000 rw-p 00000000 00:00 0 
7fe6d6f7f000-7fe6d7319000 ---p 00000000 00:00 0 
7fe6d7319000-7fe6d771d000 rw-p 00000000 00:00 0 
7fe6d771d000-7fe6d771e000 ---p 00000000 00:00 0 
7fe6d771e000-7fe6d781f000 rw-p 00000000 00:00 0 
7fe6d781f000-7fe6d7820000 ---p 00000000 00:00 0 
7fe6d7820000-7fe6d7921000 rw-p 00000000 00:00 0 
7fe6d7921000-7fe6d7922000 ---p 00000000 00:00 0 
7fe6d7922000-7fe6d7a23000 rw-p 00000000 00:00 0 
7fe6d7a23000-7fe6d7a24000 ---p 00000000 00:00 0 
7fe6d7a24000-7fe6d7b25000 rw-p 00000000 00:00 0 
7fe6d7b25000-7fe6d7d95000 rwxp 00000000 00:00 0 
7fe6d7d95000-7fe6d80b5000 ---p 00000000 00:00 0 
7fe6d80b5000-7fe6d8325000 rwxp 00000000 00:00 0 
7fe6d8325000-7fe6df5ed000 ---p 00000000 00:00 0 
7fe6df5ed000-7fe6df85d000 rwxp 00000000 00:00 0 
7fe6df85d000-7fe6e6b25000 ---p 00000000 00:00 0 
7fe6e6b25000-7fe6f0000000 r--s 00000000 08:04 1224842                    /usr/lib/jvm/java-11-openjdk-amd64/lib/modules
7fe6f0000000-7fe6f063a000 rw-p 00000000 00:00 0 
7fe6f063a000-7fe6f4000000 ---p 00000000 00:00 0 
7fe6f4001000-7fe6f4008000 r--p 00000000 08:05 1846669                    /home/hildemir/.config/dconf/user
7fe6f4008000-7fe6f400c000 rw-s 00000000 00:06 534                        /dev/nvidiactl
7fe6f400c000-7fe6f404c000 rw-s 00000000 00:06 534                        /dev/nvidiactl
7fe6f404c000-7fe6f40ac000 rw-p 00000000 00:00 0 
7fe6f40ac000-7fe6f4192000 ---p 00000000 00:00 0 
7fe6f4192000-7fe6f4197000 rw-p 00000000 00:00 0 
7fe6f4197000-7fe6f427d000 ---p 00000000 00:00 0 
7fe6f427d000-7fe6f4282000 r-xp 00000000 08:04 1224824                    /usr/lib/jvm/java-11-openjdk-amd64/lib/libjimage.so
7fe6f4282000-7fe6f4481000 ---p 00005000 08:04 1224824                    /usr/lib/jvm/java-11-openjdk-amd64/lib/libjimage.so
7fe6f4481000-7fe6f4482000 r--p 00004000 08:04 1224824                    /usr/lib/jvm/java-11-openjdk-amd64/lib/libjimage.so
7fe6f4482000-7fe6f4483000 rw-p 00005000 08:04 1224824                    /usr/lib/jvm/java-11-openjdk-amd64/lib/libjimage.so
7fe6f4483000-7fe6f448a000 r-xp 00000000 08:04 1224841                    /usr/lib/jvm/java-11-openjdk-amd64/lib/libzip.so
7fe6f448a000-7fe6f4689000 ---p 00007000 08:04 1224841                    /usr/lib/jvm/java-11-openjdk-amd64/lib/libzip.so
7fe6f4689000-7fe6f468a000 r--p 00006000 08:04 1224841                    /usr/lib/jvm/java-11-openjdk-amd64/lib/libzip.so
7fe6f468a000-7fe6f468b000 rw-p 00007000 08:04 1224841                    /usr/lib/jvm/java-11-openjdk-amd64/lib/libzip.so
7fe6f468b000-7fe6f4696000 r-xp 00000000 08:04 530063                     /lib/x86_64-linux-gnu/libnss_files-2.27.so
7fe6f4696000-7fe6f4895000 ---p 0000b000 08:04 530063                     /lib/x86_64-linux-gnu/libnss_files-2.27.so
7fe6f4895000-7fe6f4896000 r--p 0000a000 08:04 530063                     /lib/x86_64-linux-gnu/libnss_files-2.27.so
7fe6f4896000-7fe6f4897000 rw-p 0000b000 08:04 530063                     /lib/x86_64-linux-gnu/libnss_files-2.27.so
7fe6f4897000-7fe6f489d000 rw-p 00000000 00:00 0 
7fe6f489d000-7fe6f48b4000 r-xp 00000000 08:04 530057                     /lib/x86_64-linux-gnu/libnsl-2.27.so
7fe6f48b4000-7fe6f4ab3000 ---p 00017000 08:04 530057                     /lib/x86_64-linux-gnu/libnsl-2.27.so
7fe6f4ab3000-7fe6f4ab4000 r--p 00016000 08:04 530057                     /lib/x86_64-linux-gnu/libnsl-2.27.so
7fe6f4ab4000-7fe6f4ab5000 rw-p 00017000 08:04 530057                     /lib/x86_64-linux-gnu/libnsl-2.27.so
7fe6f4ab5000-7fe6f4ab7000 rw-p 00000000 00:00 0 
7fe6f4ab7000-7fe6f4ac2000 r-xp 00000000 08:04 530074                     /lib/x86_64-linux-gnu/libnss_nis-2.27.so
7fe6f4ac2000-7fe6f4cc1000 ---p 0000b000 08:04 530074                     /lib/x86_64-linux-gnu/libnss_nis-2.27.so
7fe6f4cc1000-7fe6f4cc2000 r--p 0000a000 08:04 530074                     /lib/x86_64-linux-gnu/libnss_nis-2.27.so
7fe6f4cc2000-7fe6f4cc3000 rw-p 0000b000 08:04 530074                     /lib/x86_64-linux-gnu/libnss_nis-2.27.so
7fe6f4cc3000-7fe6f4ccb000 r-xp 00000000 08:04 530059                     /lib/x86_64-linux-gnu/libnss_compat-2.27.so
7fe6f4ccb000-7fe6f4ecb000 ---p 00008000 08:04 530059                     /lib/x86_64-linux-gnu/libnss_compat-2.27.so
7fe6f4ecb000-7fe6f4ecc000 r--p 00008000 08:04 530059                     /lib/x86_64-linux-gnu/libnss_compat-2.27.so
7fe6f4ecc000-7fe6f4ecd000 rw-p 00009000 08:04 530059                     /lib/x86_64-linux-gnu/libnss_compat-2.27.so
7fe6f4ecd000-7fe6f4ed7000 r-xp 00000000 08:04 1224813                    /usr/lib/jvm/java-11-openjdk-amd64/lib/libinstrument.so
7fe6f4ed7000-7fe6f50d6000 ---p 0000a000 08:04 1224813                    /usr/lib/jvm/java-11-openjdk-amd64/lib/libinstrument.so
7fe6f50d6000-7fe6f50d7000 r--p 00009000 08:04 1224813                    /usr/lib/jvm/java-11-openjdk-amd64/lib/libinstrument.so
7fe6f50d7000-7fe6f50d8000 rw-p 0000a000 08:04 1224813                    /usr/lib/jvm/java-11-openjdk-amd64/lib/libinstrument.so
7fe6f50d8000-7fe6f5104000 r-xp 00000000 08:04 1224820                    /usr/lib/jvm/java-11-openjdk-amd64/lib/libjava.so
7fe6f5104000-7fe6f5303000 ---p 0002c000 08:04 1224820                    /usr/lib/jvm/java-11-openjdk-amd64/lib/libjava.so
7fe6f5303000-7fe6f5304000 r--p 0002b000 08:04 1224820                    /usr/lib/jvm/java-11-openjdk-amd64/lib/libjava.so
7fe6f5304000-7fe6f5306000 rw-p 0002c000 08:04 1224820                    /usr/lib/jvm/java-11-openjdk-amd64/lib/libjava.so
7fe6f5306000-7fe6f5313000 r-xp 00000000 08:04 1224840                    /usr/lib/jvm/java-11-openjdk-amd64/lib/libverify.so
7fe6f5313000-7fe6f5512000 ---p 0000d000 08:04 1224840                    /usr/lib/jvm/java-11-openjdk-amd64/lib/libverify.so
7fe6f5512000-7fe6f5514000 r--p 0000c000 08:04 1224840                    /usr/lib/jvm/java-11-openjdk-amd64/lib/libverify.so
7fe6f5514000-7fe6f5515000 rw-p 0000e000 08:04 1224840                    /usr/lib/jvm/java-11-openjdk-amd64/lib/libverify.so
7fe6f5515000-7fe6f551c000 r-xp 00000000 08:04 530114                     /lib/x86_64-linux-gnu/librt-2.27.so
7fe6f551c000-7fe6f571b000 ---p 00007000 08:04 530114                     /lib/x86_64-linux-gnu/librt-2.27.so
7fe6f571b000-7fe6f571c000 r--p 00006000 08:04 530114                     /lib/x86_64-linux-gnu/librt-2.27.so
7fe6f571c000-7fe6f571d000 rw-p 00007000 08:04 530114                     /lib/x86_64-linux-gnu/librt-2.27.so
7fe6f571d000-7fe6f5734000 r-xp 00000000 08:04 525234                     /lib/x86_64-linux-gnu/libgcc_s.so.1
7fe6f5734000-7fe6f5933000 ---p 00017000 08:04 525234                     /lib/x86_64-linux-gnu/libgcc_s.so.1
7fe6f5933000-7fe6f5934000 r--p 00016000 08:04 525234                     /lib/x86_64-linux-gnu/libgcc_s.so.1
7fe6f5934000-7fe6f5935000 rw-p 00017000 08:04 525234                     /lib/x86_64-linux-gnu/libgcc_s.so.1
7fe6f5935000-7fe6f5ad2000 r-xp 00000000 08:04 530036                     /lib/x86_64-linux-gnu/libm-2.27.so
7fe6f5ad2000-7fe6f5cd1000 ---p 0019d000 08:04 530036                     /lib/x86_64-linux-gnu/libm-2.27.so
7fe6f5cd1000-7fe6f5cd2000 r--p 0019c000 08:04 530036                     /lib/x86_64-linux-gnu/libm-2.27.so
7fe6f5cd2000-7fe6f5cd3000 rw-p 0019d000 08:04 530036                     /lib/x86_64-linux-gnu/libm-2.27.so
7fe6f5cd3000-7fe6f5e4c000 r-xp 00000000 08:04 1180445                    /usr/lib/x86_64-linux-gnu/libstdc++.so.6.0.25
7fe6f5e4c000-7fe6f604c000 ---p 00179000 08:04 1180445                    /usr/lib/x86_64-linux-gnu/libstdc++.so.6.0.25
7fe6f604c000-7fe6f6056000 r--p 00179000 08:04 1180445                    /usr/lib/x86_64-linux-gnu/libstdc++.so.6.0.25
7fe6f6056000-7fe6f6058000 rw-p 00183000 08:04 1180445                    /usr/lib/x86_64-linux-gnu/libstdc++.so.6.0.25
7fe6f6058000-7fe6f605c000 rw-p 00000000 00:00 0 
7fe6f605c000-7fe6f6ff9000 r-xp 00000000 08:04 1224845                    /usr/lib/jvm/java-11-openjdk-amd64/lib/server/libjvm.so
7fe6f6ff9000-7fe6f71f9000 ---p 00f9d000 08:04 1224845                    /usr/lib/jvm/java-11-openjdk-amd64/lib/server/libjvm.so
7fe6f71f9000-7fe6f72bd000 r--p 00f9d000 08:04 1224845                    /usr/lib/jvm/java-11-openjdk-amd64/lib/server/libjvm.so
7fe6f72bd000-7fe6f72f5000 rw-p 01061000 08:04 1224845                    /usr/lib/jvm/java-11-openjdk-amd64/lib/server/libjvm.so
7fe6f72f5000-7fe6f733e000 rw-p 00000000 00:00 0 
7fe6f733e000-7fe6f7358000 r-xp 00000000 08:04 530106                     /lib/x86_64-linux-gnu/libpthread-2.27.so
7fe6f7358000-7fe6f7557000 ---p 0001a000 08:04 530106                     /lib/x86_64-linux-gnu/libpthread-2.27.so
7fe6f7557000-7fe6f7558000 r--p 00019000 08:04 530106                     /lib/x86_64-linux-gnu/libpthread-2.27.so
7fe6f7558000-7fe6f7559000 rw-p 0001a000 08:04 530106                     /lib/x86_64-linux-gnu/libpthread-2.27.so
7fe6f7559000-7fe6f755d000 rw-p 00000000 00:00 0 
7fe6f755d000-7fe6f7560000 r-xp 00000000 08:04 529996                     /lib/x86_64-linux-gnu/libdl-2.27.so
7fe6f7560000-7fe6f775f000 ---p 00003000 08:04 529996                     /lib/x86_64-linux-gnu/libdl-2.27.so
7fe6f775f000-7fe6f7760000 r--p 00002000 08:04 529996                     /lib/x86_64-linux-gnu/libdl-2.27.so
7fe6f7760000-7fe6f7761000 rw-p 00003000 08:04 529996                     /lib/x86_64-linux-gnu/libdl-2.27.so
7fe6f7761000-7fe6f777d000 r-xp 00000000 08:04 530147                     /lib/x86_64-linux-gnu/libz.so.1.2.11
7fe6f777d000-7fe6f797c000 ---p 0001c000 08:04 530147                     /lib/x86_64-linux-gnu/libz.so.1.2.11
7fe6f797c000-7fe6f797d000 r--p 0001b000 08:04 530147                     /lib/x86_64-linux-gnu/libz.so.1.2.11
7fe6f797d000-7fe6f797e000 rw-p 0001c000 08:04 530147                     /lib/x86_64-linux-gnu/libz.so.1.2.11
7fe6f797e000-7fe6f7b65000 r-xp 00000000 08:04 529973                     /lib/x86_64-linux-gnu/libc-2.27.so
7fe6f7b65000-7fe6f7d65000 ---p 001e7000 08:04 529973                     /lib/x86_64-linux-gnu/libc-2.27.so
7fe6f7d65000-7fe6f7d69000 r--p 001e7000 08:04 529973                     /lib/x86_64-linux-gnu/libc-2.27.so
7fe6f7d69000-7fe6f7d6b000 rw-p 001eb000 08:04 529973                     /lib/x86_64-linux-gnu/libc-2.27.so
7fe6f7d6b000-7fe6f7d6f000 rw-p 00000000 00:00 0 
7fe6f7d6f000-7fe6f7d7e000 r-xp 00000000 08:04 1224803                    /usr/lib/jvm/java-11-openjdk-amd64/lib/jli/libjli.so
7fe6f7d7e000-7fe6f7f7d000 ---p 0000f000 08:04 1224803                    /usr/lib/jvm/java-11-openjdk-amd64/lib/jli/libjli.so
7fe6f7f7d000-7fe6f7f7e000 r--p 0000e000 08:04 1224803                    /usr/lib/jvm/java-11-openjdk-amd64/lib/jli/libjli.so
7fe6f7f7e000-7fe6f7f7f000 rw-p 0000f000 08:04 1224803                    /usr/lib/jvm/java-11-openjdk-amd64/lib/jli/libjli.so
7fe6f7f7f000-7fe6f7fa6000 r-xp 00000000 08:04 529945                     /lib/x86_64-linux-gnu/ld-2.27.so
7fe6f7fa7000-7fe6f7fa8000 r--s 00000000 00:32 35                         /run/user/1000/dconf/user
7fe6f7fa8000-7fe6f7fc8000 rw-s 00000000 00:06 534                        /dev/nvidiactl
7fe6f7fc8000-7fe6f8085000 rw-p 00000000 00:00 0 
7fe6f8085000-7fe6f8089000 ---p 00000000 00:00 0 
7fe6f8089000-7fe6f8188000 rw-p 00000000 00:00 0 
7fe6f8188000-7fe6f8189000 r--p 00000000 08:04 154656                     /usr/share/locale-langpack/en/LC_MESSAGES/gtk30.mo
7fe6f8189000-7fe6f818a000 rw-s 00000000 00:06 534                        /dev/nvidiactl
7fe6f818a000-7fe6f818b000 rw-s 00000000 00:06 535                        /dev/nvidia0
7fe6f818b000-7fe6f818c000 rw-s 00000000 00:06 535                        /dev/nvidia0
7fe6f818c000-7fe6f818d000 rw-s 00000000 00:06 534                        /dev/nvidiactl
7fe6f818d000-7fe6f8193000 rw-p 00000000 00:00 0 
7fe6f8193000-7fe6f819a000 ---p 00000000 00:00 0 
7fe6f819a000-7fe6f81a2000 rw-s 00000000 08:04 920854                     /tmp/hsperfdata_hildemir/28891
7fe6f81a2000-7fe6f81a3000 ---p 00000000 00:00 0 
7fe6f81a3000-7fe6f81a4000 r--p 00000000 00:00 0 
7fe6f81a4000-7fe6f81a6000 rw-p 00000000 00:00 0 
7fe6f81a6000-7fe6f81a7000 r--p 00027000 08:04 529945                     /lib/x86_64-linux-gnu/ld-2.27.so
7fe6f81a7000-7fe6f81a8000 rw-p 00028000 08:04 529945                     /lib/x86_64-linux-gnu/ld-2.27.so
7fe6f81a8000-7fe6f81a9000 rw-p 00000000 00:00 0 
7ffdd3c63000-7ffdd3c84000 rw-p 00000000 00:00 0                          [stack]
7ffdd3d67000-7ffdd3d6a000 r--p 00000000 00:00 0                          [vvar]
7ffdd3d6a000-7ffdd3d6c000 r-xp 00000000 00:00 0                          [vdso]
ffffffffff600000-ffffffffff601000 r-xp 00000000 00:00 0                  [vsyscall]


VM Arguments:
jvm_args: --module-path=/home/hildemir/javafx-sdk-11.0.2/lib --add-modules=javafx.controls,javafx.fxml,javafx.media -javaagent:/home/hildemir/Downloads/idea-IC-191.6183.87/lib/idea_rt.jar=33171:/home/hildemir/Downloads/idea-IC-191.6183.87/bin -Dfile.encoding=UTF-8 
java_command: game.Main
java_class_path (initial): /home/hildemir/IdeaProjects/PacMath/out/production/PacMath:/home/hildemir/javafx-sdk-11.0.2/lib/javafx-swt.jar:/home/hildemir/javafx-sdk-11.0.2/lib/javafx.base.jar:/home/hildemir/javafx-sdk-11.0.2/lib/javafx.controls.jar:/home/hildemir/javafx-sdk-11.0.2/lib/javafx.fxml.jar:/home/hildemir/javafx-sdk-11.0.2/lib/javafx.graphics.jar:/home/hildemir/javafx-sdk-11.0.2/lib/javafx.media.jar:/home/hildemir/javafx-sdk-11.0.2/lib/javafx.swing.jar:/home/hildemir/javafx-sdk-11.0.2/lib/javafx.web.jar
Launcher Type: SUN_STANDARD

Logging:
Log output configuration:
#0: stdout all=warning uptime,level,tags
#1: stderr all=off uptime,level,tags

Environment Variables:
PATH=/usr/local/sbin:/usr/local/bin:/usr/sbin:/usr/bin:/sbin:/bin:/usr/games:/usr/local/games
SHELL=/bin/bash
DISPLAY=:0

Signal Handlers:
SIGSEGV: [libjvm.so+0xd28b70], sa_mask[0]=11111111011111111101111111111110, sa_flags=SA_RESTART|SA_SIGINFO
SIGBUS: [libjvm.so+0xd28b70], sa_mask[0]=11111111011111111101111111111110, sa_flags=SA_RESTART|SA_SIGINFO
SIGFPE: [libjvm.so+0xd28b70], sa_mask[0]=11111111011111111101111111111110, sa_flags=SA_RESTART|SA_SIGINFO
SIGPIPE: SIG_IGN, sa_mask[0]=00000000000010000000000000000000, sa_flags=SA_RESTART
SIGXFSZ: [libjvm.so+0xb2a1f0], sa_mask[0]=11111111011111111101111111111110, sa_flags=SA_RESTART|SA_SIGINFO
SIGILL: [libjvm.so+0xd28b70], sa_mask[0]=11111111011111111101111111111110, sa_flags=SA_RESTART|SA_SIGINFO
SIGUSR2: [libjvm.so+0xb2a030], sa_mask[0]=00100000000000000000000000000000, sa_flags=SA_RESTART|SA_SIGINFO
SIGHUP: [libjvm.so+0xb2a180], sa_mask[0]=11111111011111111101111111111110, sa_flags=SA_RESTART|SA_SIGINFO
SIGINT: [libjvm.so+0xb2a180], sa_mask[0]=11111111011111111101111111111110, sa_flags=SA_RESTART|SA_SIGINFO
SIGTERM: [libjvm.so+0xb2a180], sa_mask[0]=11111111011111111101111111111110, sa_flags=SA_RESTART|SA_SIGINFO
SIGQUIT: [libjvm.so+0xb2a180], sa_mask[0]=11111111011111111101111111111110, sa_flags=SA_RESTART|SA_SIGINFO


---------------  S Y S T E M  ---------------

OS:DISTRIB_ID=LinuxMint
DISTRIB_RELEASE=19
DISTRIB_CODENAME=tara
DISTRIB_DESCRIPTION="Linux Mint 19 Tara"
uname:Linux 4.15.0-39-generic #42-Ubuntu SMP Tue Oct 23 15:48:01 UTC 2018 x86_64
libc:glibc 2.27 NPTL 2.27 
rlimit: STACK 8192k, CORE 0k, NPROC 30341, NOFILE 1048576, AS infinity, DATA infinity, FSIZE infinity
load average:3.85 3.02 2.68

/proc/meminfo:
MemTotal:        8057596 kB
MemFree:          605092 kB
MemAvailable:    2498120 kB
Buffers:          564952 kB
Cached:          1659708 kB
SwapCached:        12728 kB
Active:          5117180 kB
Inactive:        1838048 kB
Active(anon):    3914776 kB
Inactive(anon):   982188 kB
Active(file):    1202404 kB
Inactive(file):   855860 kB
Unevictable:         200 kB
Mlocked:             200 kB
SwapTotal:       5859324 kB
SwapFree:        5664532 kB
Dirty:              2964 kB
Writeback:             0 kB
AnonPages:       4723636 kB
Mapped:           664880 kB
Shmem:            166400 kB
Slab:             232324 kB
SReclaimable:     120860 kB
SUnreclaim:       111464 kB
KernelStack:       13728 kB
PageTables:        69568 kB
NFS_Unstable:          0 kB
Bounce:                0 kB
WritebackTmp:          0 kB
CommitLimit:     9888120 kB
Committed_AS:   11755548 kB
VmallocTotal:   34359738367 kB
VmallocUsed:           0 kB
VmallocChunk:          0 kB
HardwareCorrupted:     0 kB
AnonHugePages:      2048 kB
ShmemHugePages:        0 kB
ShmemPmdMapped:        0 kB
CmaTotal:              0 kB
CmaFree:               0 kB
HugePages_Total:       0
HugePages_Free:        0
HugePages_Rsvd:        0
HugePages_Surp:        0
Hugepagesize:       2048 kB
DirectMap4k:     2148568 kB
DirectMap2M:     6129664 kB
DirectMap1G:     1048576 kB

container (cgroup) information:
container_type: cgroupv1
cpu_cpuset_cpus: 0-3
cpu_memory_nodes: 0
active_processor_count: 4
cpu_quota: -1
cpu_period: 100000
cpu_shares: -1
memory_limit_in_bytes: -1
memory_and_swap_limit_in_bytes: -2
memory_soft_limit_in_bytes: -1
memory_usage_in_bytes: 6062125056
memory_max_usage_in_bytes: 7378980864


CPU:total 4 (initial active 4) (2 cores per cpu, 2 threads per core) family 6 model 78 stepping 3, cmov, cx8, fxsr, mmx, sse, sse2, sse3, ssse3, sse4.1, sse4.2, popcnt, avx, avx2, aes, clmul, erms, 3dnowpref, lzcnt, ht, tsc, tscinvbit, bmi1, bmi2, adx, fma
CPU Model and flags from /proc/cpuinfo:
model name	: Intel(R) Core(TM) i7-6500U CPU @ 2.50GHz
flags		: fpu vme de pse tsc msr pae mce cx8 apic sep mtrr pge mca cmov pat pse36 clflush dts acpi mmx fxsr sse sse2 ss ht tm pbe syscall nx pdpe1gb rdtscp lm constant_tsc art arch_perfmon pebs bts rep_good nopl xtopology nonstop_tsc cpuid aperfmperf tsc_known_freq pni pclmulqdq dtes64 monitor ds_cpl vmx est tm2 ssse3 sdbg fma cx16 xtpr pdcm pcid sse4_1 sse4_2 x2apic movbe popcnt tsc_deadline_timer aes xsave avx f16c rdrand lahf_lm abm 3dnowprefetch cpuid_fault epb invpcid_single pti ssbd ibrs ibpb stibp tpr_shadow vnmi flexpriority ept vpid fsgsbase tsc_adjust bmi1 avx2 smep bmi2 erms invpcid mpx rdseed adx smap clflushopt intel_pt xsaveopt xsavec xgetbv1 xsaves dtherm ida arat pln pts hwp hwp_notify hwp_act_window hwp_epp flush_l1d

Memory: 4k page, physical 8057596k(604472k free), swap 5859324k(5664532k free)

vm_info: OpenJDK 64-Bit Server VM (10.0.2+13-Ubuntu-1ubuntu0.18.04.4) for linux-amd64 JRE (10.0.2+13-Ubuntu-1ubuntu0.18.04.4), built on Nov 13 2018 12:53:39 by "buildd" with gcc 7.3.0

END.
